2025-03-10T18:28:48Z	WARN	'--security-checks' is deprecated. Use '--scanners' instead.
2025-03-10T18:28:48Z	INFO	[vulndb] Need to update DB
2025-03-10T18:28:48Z	INFO	[vulndb] Downloading vulnerability DB...
2025-03-10T18:28:48Z	INFO	[vulndb] Downloading artifact...	repo="mirror.gcr.io/aquasec/trivy-db:2"
399.22 KiB / 60.78 MiB [->_________________________________________________________________________________________________________________________________________________________________________] 0.64% ? p/s ?3.86 MiB / 60.78 MiB [---------->__________________________________________________________________________________________________________________________________________________________________] 6.35% ? p/s ?6.66 MiB / 60.78 MiB [------------------>_________________________________________________________________________________________________________________________________________________________] 10.95% ? p/s ?7.91 MiB / 60.78 MiB [-------------------->__________________________________________________________________________________________________________________________________________] 13.01% 12.53 MiB p/s ETA 4s11.12 MiB / 60.78 MiB [---------------------------->_________________________________________________________________________________________________________________________________] 18.30% 12.53 MiB p/s ETA 3s17.45 MiB / 60.78 MiB [--------------------------------------------->________________________________________________________________________________________________________________] 28.72% 12.53 MiB p/s ETA 3s24.25 MiB / 60.78 MiB [--------------------------------------------------------------->______________________________________________________________________________________________] 39.90% 13.48 MiB p/s ETA 2s31.27 MiB / 60.78 MiB [--------------------------------------------------------------------------------->____________________________________________________________________________] 51.44% 13.48 MiB p/s ETA 2s38.35 MiB / 60.78 MiB [--------------------------------------------------------------------------------------------------->__________________________________________________________] 63.09% 13.48 MiB p/s ETA 1s45.50 MiB / 60.78 MiB [---------------------------------------------------------------------------------------------------------------------->_______________________________________] 74.86% 14.90 MiB p/s ETA 1s52.79 MiB / 60.78 MiB [----------------------------------------------------------------------------------------------------------------------------------------->____________________] 86.86% 14.90 MiB p/s ETA 0s60.19 MiB / 60.78 MiB [------------------------------------------------------------------------------------------------------------------------------------------------------------>_] 99.02% 14.90 MiB p/s ETA 0s60.78 MiB / 60.78 MiB [------------------------------------------------------------------------------------------------------------------------------------------------------------>] 100.00% 15.58 MiB p/s ETA 0s60.78 MiB / 60.78 MiB [------------------------------------------------------------------------------------------------------------------------------------------------------------>] 100.00% 15.58 MiB p/s ETA 0s60.78 MiB / 60.78 MiB [------------------------------------------------------------------------------------------------------------------------------------------------------------>] 100.00% 15.58 MiB p/s ETA 0s60.78 MiB / 60.78 MiB [------------------------------------------------------------------------------------------------------------------------------------------------------------>] 100.00% 14.57 MiB p/s ETA 0s60.78 MiB / 60.78 MiB [------------------------------------------------------------------------------------------------------------------------------------------------------------>] 100.00% 14.57 MiB p/s ETA 0s60.78 MiB / 60.78 MiB [------------------------------------------------------------------------------------------------------------------------------------------------------------>] 100.00% 14.57 MiB p/s ETA 0s60.78 MiB / 60.78 MiB [------------------------------------------------------------------------------------------------------------------------------------------------------------>] 100.00% 13.63 MiB p/s ETA 0s60.78 MiB / 60.78 MiB [------------------------------------------------------------------------------------------------------------------------------------------------------------>] 100.00% 13.63 MiB p/s ETA 0s60.78 MiB / 60.78 MiB [------------------------------------------------------------------------------------------------------------------------------------------------------------>] 100.00% 13.63 MiB p/s ETA 0s60.78 MiB / 60.78 MiB [---------------------------------------------------------------------------------------------------------------------------------------------------------------] 100.00% 14.95 MiB p/s 4.3s2025-03-10T18:28:54Z	INFO	[vulndb] Artifact successfully downloaded	repo="mirror.gcr.io/aquasec/trivy-db:2"
2025-03-10T18:28:54Z	INFO	[vuln] Vulnerability scanning is enabled
2025-03-10T18:28:54Z	INFO	[misconfig] Misconfiguration scanning is enabled
2025-03-10T18:29:05Z	INFO	Number of language-specific files	num=4
2025-03-10T18:29:05Z	INFO	[gobinary] Detecting vulnerabilities...
2025-03-10T18:29:05Z	INFO	Detected config files	num=0
2025-03-10T18:29:05Z	WARN	Using severities from other vendors for some vulnerabilities. Read https://aquasecurity.github.io/trivy/v0.59/docs/scanner/vulnerability#severity-selection for details.

docker (gobinary)
=================
Total: 1 (UNKNOWN: 0, LOW: 0, MEDIUM: 1, HIGH: 0, CRITICAL: 0)

┌─────────┬────────────────┬──────────┬────────┬───────────────────┬──────────────────────────────┬──────────────────────────────────────────────────────────────┐
│ Library │ Vulnerability  │ Severity │ Status │ Installed Version │        Fixed Version         │                            Title                             │
├─────────┼────────────────┼──────────┼────────┼───────────────────┼──────────────────────────────┼──────────────────────────────────────────────────────────────┤
│ stdlib  │ CVE-2025-22866 │ MEDIUM   │ fixed  │ v1.22.11          │ 1.22.12, 1.23.6, 1.24.0-rc.3 │ crypto/internal/nistec: golang: Timing sidechannel for P-256 │
│         │                │          │        │                   │                              │ on ppc64le in crypto/internal/nistec                         │
│         │                │          │        │                   │                              │ https://avd.aquasec.com/nvd/cve-2025-22866                   │
└─────────┴────────────────┴──────────┴────────┴───────────────────┴──────────────────────────────┴──────────────────────────────────────────────────────────────┘

helm (gobinary)
===============
Total: 3 (UNKNOWN: 0, LOW: 0, MEDIUM: 3, HIGH: 0, CRITICAL: 0)

┌─────────┬────────────────┬──────────┬────────┬───────────────────┬──────────────────────────────┬──────────────────────────────────────────────────────────────┐
│ Library │ Vulnerability  │ Severity │ Status │ Installed Version │        Fixed Version         │                            Title                             │
├─────────┼────────────────┼──────────┼────────┼───────────────────┼──────────────────────────────┼──────────────────────────────────────────────────────────────┤
│ stdlib  │ CVE-2024-45336 │ MEDIUM   │ fixed  │ v1.23.4           │ 1.22.11, 1.23.5, 1.24.0-rc.2 │ golang: net/http: net/http: sensitive headers incorrectly    │
│         │                │          │        │                   │                              │ sent after cross-domain redirect                             │
│         │                │          │        │                   │                              │ https://avd.aquasec.com/nvd/cve-2024-45336                   │
│         ├────────────────┤          │        │                   │                              ├──────────────────────────────────────────────────────────────┤
│         │ CVE-2024-45341 │          │        │                   │                              │ golang: crypto/x509: crypto/x509: usage of IPv6 zone IDs can │
│         │                │          │        │                   │                              │ bypass URI name...                                           │
│         │                │          │        │                   │                              │ https://avd.aquasec.com/nvd/cve-2024-45341                   │
│         ├────────────────┤          │        │                   ├──────────────────────────────┼──────────────────────────────────────────────────────────────┤
│         │ CVE-2025-22866 │          │        │                   │ 1.22.12, 1.23.6, 1.24.0-rc.3 │ crypto/internal/nistec: golang: Timing sidechannel for P-256 │
│         │                │          │        │                   │                              │ on ppc64le in crypto/internal/nistec                         │
│         │                │          │        │                   │                              │ https://avd.aquasec.com/nvd/cve-2025-22866                   │
└─────────┴────────────────┴──────────┴────────┴───────────────────┴──────────────────────────────┴──────────────────────────────────────────────────────────────┘

kubectl (gobinary)
==================
Total: 4 (UNKNOWN: 0, LOW: 0, MEDIUM: 3, HIGH: 1, CRITICAL: 0)

┌──────────────────┬────────────────┬──────────┬────────┬───────────────────┬──────────────────────────────┬──────────────────────────────────────────────────────────────┐
│     Library      │ Vulnerability  │ Severity │ Status │ Installed Version │        Fixed Version         │                            Title                             │
├──────────────────┼────────────────┼──────────┼────────┼───────────────────┼──────────────────────────────┼──────────────────────────────────────────────────────────────┤
│ golang.org/x/net │ CVE-2024-45338 │ HIGH     │ fixed  │ v0.30.0           │ 0.33.0                       │ golang.org/x/net/html: Non-linear parsing of                 │
│                  │                │          │        │                   │                              │ case-insensitive content in golang.org/x/net/html            │
│                  │                │          │        │                   │                              │ https://avd.aquasec.com/nvd/cve-2024-45338                   │
├──────────────────┼────────────────┼──────────┤        ├───────────────────┼──────────────────────────────┼──────────────────────────────────────────────────────────────┤
│ stdlib           │ CVE-2024-45336 │ MEDIUM   │        │ v1.23.4           │ 1.22.11, 1.23.5, 1.24.0-rc.2 │ golang: net/http: net/http: sensitive headers incorrectly    │
│                  │                │          │        │                   │                              │ sent after cross-domain redirect                             │
│                  │                │          │        │                   │                              │ https://avd.aquasec.com/nvd/cve-2024-45336                   │
│                  ├────────────────┤          │        │                   │                              ├──────────────────────────────────────────────────────────────┤
│                  │ CVE-2024-45341 │          │        │                   │                              │ golang: crypto/x509: crypto/x509: usage of IPv6 zone IDs can │
│                  │                │          │        │                   │                              │ bypass URI name...                                           │
│                  │                │          │        │                   │                              │ https://avd.aquasec.com/nvd/cve-2024-45341                   │
│                  ├────────────────┤          │        │                   ├──────────────────────────────┼──────────────────────────────────────────────────────────────┤
│                  │ CVE-2025-22866 │          │        │                   │ 1.22.12, 1.23.6, 1.24.0-rc.3 │ crypto/internal/nistec: golang: Timing sidechannel for P-256 │
│                  │                │          │        │                   │                              │ on ppc64le in crypto/internal/nistec                         │
│                  │                │          │        │                   │                              │ https://avd.aquasec.com/nvd/cve-2025-22866                   │
└──────────────────┴────────────────┴──────────┴────────┴───────────────────┴──────────────────────────────┴──────────────────────────────────────────────────────────────┘

portainer (gobinary)
====================
Total: 2 (UNKNOWN: 0, LOW: 1, MEDIUM: 1, HIGH: 0, CRITICAL: 0)

┌──────────────────────────────┬────────────────┬──────────┬────────┬───────────────────┬──────────────────────────────┬──────────────────────────────────────────────────────────────┐
│           Library            │ Vulnerability  │ Severity │ Status │ Installed Version │        Fixed Version         │                            Title                             │
├──────────────────────────────┼────────────────┼──────────┼────────┼───────────────────┼──────────────────────────────┼──────────────────────────────────────────────────────────────┤
│ github.com/golang-jwt/jwt/v4 │ CVE-2024-51744 │ LOW      │ fixed  │ v4.5.0            │ 4.5.1                        │ golang-jwt: Bad documentation of error handling in           │
│                              │                │          │        │                   │                              │ ParseWithClaims can lead to potentially...                   │
│                              │                │          │        │                   │                              │ https://avd.aquasec.com/nvd/cve-2024-51744                   │
├──────────────────────────────┼────────────────┼──────────┤        ├───────────────────┼──────────────────────────────┼──────────────────────────────────────────────────────────────┤
│ stdlib                       │ CVE-2025-22866 │ MEDIUM   │        │ v1.23.5           │ 1.22.12, 1.23.6, 1.24.0-rc.3 │ crypto/internal/nistec: golang: Timing sidechannel for P-256 │
│                              │                │          │        │                   │                              │ on ppc64le in crypto/internal/nistec                         │
│                              │                │          │        │                   │                              │ https://avd.aquasec.com/nvd/cve-2025-22866                   │
└──────────────────────────────┴────────────────┴──────────┴────────┴───────────────────┴──────────────────────────────┴──────────────────────────────────────────────────────────────┘
