


                            [38;2;26;43;21mâ–„[38;2;58;91;50mâ–„[48;2;116;117;116m[38;2;68;119;56mâ–„[48;2;98;98;98m[38;2;86;143;70mâ–„[48;2;98;98;98m[38;2;100;153;87mâ–„[48;2;63;65;63m[38;2;102;164;86mâ–„[48;2;46;49;44m[38;2;98;168;79mâ–„[48;2;43;45;43m[38;2;91;155;75mâ–„[48;2;61;62;61m[38;2;78;137;63mâ–„[48;2;102;101;102m[38;2;64;112;52mâ–„[0m[38;2;38;67;32mâ–„[38;2;20;35;16mâ–„[38;2;10;20;8mâ–„[38;2;15;21;13mâ–„[0m
                    [38;2;49;80;41mâ–„[38;2;73;133;59mâ–„[48;2;20;21;20m[38;2;91;163;72mâ–„[48;2;14;27;12m[38;2;96;174;76mâ–„[48;2;51;92;41m[38;2;98;177;78mâ–„[48;2;86;155;68m[38;2;98;177;78mâ–„[48;2;96;173;77m[38;2;98;177;78mâ–„[48;2;98;177;78m [48;2;98;177;78m [48;2;98;177;78m [48;2;98;177;78m [48;2;98;177;78m [48;2;98;177;78m [48;2;98;177;78m [48;2;98;177;78m [48;2;98;177;78m [48;2;98;177;78m [48;2;98;177;78m [48;2;98;177;78m [48;2;98;177;78m [48;2;98;178;78m[38;2;98;177;78mâ–„[48;2;97;175;76m[38;2;98;177;78mâ–„[48;2;93;168;74m[38;2;98;177;78mâ–„[48;2;99;163;83m[38;2;97;177;77mâ–„[48;2;99;151;86m[38;2;98;177;78mâ–„[48;2;35;57;29m[38;2;98;176;78mâ–„[48;2;19;21;19m[38;2;94;169;75mâ–„[0m[38;2;70;125;56mâ–„[0m
             [38;2;42;65;36mâ–„[38;2;62;106;52mâ–„[48;2;94;95;94m[38;2;86;152;70mâ–„[48;2;57;72;53m[38;2;96;174;77mâ–„[48;2;57;96;47m[38;2;98;177;78mâ–„[48;2;78;136;62m[38;2;98;177;78mâ–„[48;2;95;167;76m[38;2;98;177;78mâ–„[48;2;98;177;78m [48;2;98;177;78m [48;2;98;177;78m [48;2;98;177;78m [48;2;98;177;78m [48;2;98;177;78m [48;2;98;177;78m[38;2;98;176;77mâ–„[48;2;98;177;78m[38;2;91;165;72mâ–„[48;2;98;177;78m[38;2;76;137;60mâ–„[48;2;98;177;78m[38;2;54;97;42mâ–„[48;2;99;179;79m[38;2;39;71;30mâ–„[48;2;100;181;79m[38;2;35;60;30mâ–„[48;2;101;181;81m[38;2;42;66;37mâ–„[48;2;100;177;80m[38;2;52;73;45mâ–„[48;2;95;175;76m[38;2;47;75;40mâ–„[48;2;94;178;73m[38;2;41;75;33mâ–„[48;2;98;179;78m[38;2;42;73;34mâ–„[48;2;99;180;79m[38;2;40;70;33mâ–„[48;2;99;179;78m[38;2;44;75;36mâ–„[48;2;97;177;77m[38;2;55;93;46mâ–„[48;2;97;176;77m[38;2;65;113;52mâ–„[48;2;98;177;78m[38;2;79;141;63mâ–„[48;2;98;177;78m[38;2;93;166;75mâ–„[48;2;98;177;78m[38;2;99;177;79mâ–„[48;2;98;177;78m[38;2;97;177;78mâ–„[48;2;98;177;78m[38;2;97;177;78mâ–„[48;2;98;177;78m [48;2;98;177;78m [48;2;94;170;75m[38;2;98;177;78mâ–„[48;2;71;128;56m[38;2;98;177;78mâ–„[48;2;34;56;28m[38;2;97;175;77mâ–„[48;2;64;66;64m[38;2;78;140;62mâ–„[0m
         [48;2;66;112;54m[38;2;98;177;78mâ–„[48;2;80;133;66m[38;2;98;177;78mâ–„[48;2;95;162;76m[38;2;98;177;78mâ–„[48;2;96;171;76m[38;2;98;177;78mâ–„[48;2;98;177;78m [48;2;98;177;78m [48;2;98;177;78m [48;2;98;177;78m [48;2;98;177;78m [48;2;98;177;78m[38;2;98;176;78mâ–„[48;2;98;177;78m [48;2;98;177;78m[38;2;97;176;77mâ–„[48;2;98;177;78m[38;2;96;174;76mâ–„[48;2;98;177;78m[38;2;74;130;59mâ–„[48;2;98;176;78m[38;2;32;49;27mâ–„[48;2;95;166;76m[38;2;18;29;15mâ–„[48;2;73;126;59m[38;2;65;113;53mâ–„[48;2;40;62;34m[38;2;107;209;83mâ–„[48;2;23;43;19m[38;2;77;220;42mâ–„[48;2;32;72;22m[38;2;72;218;36mâ–„[48;2;55;155;30m[38;2;73;217;37mâ–„[48;2;71;203;38m[38;2;73;217;37mâ–„[48;2;79;212;46m[38;2;73;218;37mâ–„[48;2;81;216;48m[38;2;73;218;37mâ–„[48;2;82;220;48m[38;2;73;218;37mâ–„[48;2;79;221;44m[38;2;73;218;37mâ–„[48;2;76;219;40m[38;2;73;218;37mâ–„[48;2;76;218;40m[38;2;73;218;37mâ–„[48;2;75;213;41m[38;2;73;218;37mâ–„[48;2;79;203;48m[38;2;73;218;37mâ–„[48;2;76;175;52m[38;2;73;218;37mâ–„[48;2;52;127;33m[38;2;73;218;37mâ–„[48;2;29;75;18m[38;2;73;217;37mâ–„[48;2;19;45;12m[38;2;73;218;36mâ–„[48;2;45;74;38m[38;2;65;196;33mâ–„[48;2;76;127;62m[38;2;44;132;24mâ–„[48;2;90;158;72m[38;2;16;45;10mâ–„[48;2;97;175;77m[38;2;28;50;22mâ–„[48;2;98;177;78m[38;2;80;145;64mâ–„[48;2;98;177;78m[38;2;97;175;77mâ–„[48;2;98;177;78m[38;2;97;176;77mâ–„[48;2;98;177;78m [48;2;98;177;78m[38;2;98;176;78mâ–„[48;2;98;177;78m[38;2;98;177;77mâ–„[48;2;97;173;78m[38;2;98;177;78mâ–„[48;2;69;114;56m[38;2;98;177;78mâ–„[48;2;30;38;28m[38;2;103;179;83mâ–„[0m[38;2;99;149;87mâ–„[0m
         [48;2;98;177;78m[38;2;98;177;77mâ–„[48;2;98;177;78m [48;2;98;177;78m [48;2;98;177;78m [48;2;98;177;78m [48;2;98;177;78m[38;2;98;178;78mâ–„[48;2;98;177;78m[38;2;98;178;78mâ–„[48;2;98;177;78m[38;2;83;150;66mâ–„[48;2;98;177;78m[38;2;44;80;34mâ–„[48;2;99;179;78m[38;2;33;49;28mâ–„[48;2;87;159;69m[38;2;68;97;61mâ–„[48;2;46;84;37m[38;2;87;165;68mâ–„[48;2;25;37;21m[38;2;83;208;52mâ–„[48;2;59;131;42m[38;2;73;219;37mâ–„[48;2;74;199;43m[38;2;74;223;37mâ–„[48;2;72;213;38m[38;2;67;204;35mâ–„[48;2;73;218;37m[38;2;55;171;29mâ–„[48;2;72;218;36m[38;2;59;136;22mâ–„[48;2;72;218;36m[38;2;103;132;15mâ–„[48;2;73;219;37m[38;2;149;133;9mâ–„[48;2;72;220;37m[38;2;168;130;7mâ–„[48;2;73;220;37m[38;2;167;118;5mâ–„[48;2;72;218;37m[38;2;106;78;4mâ–„[48;2;69;210;36m[38;2;93;69;4mâ–„[48;2;66;199;34m[38;2;173;117;4mâ–„[48;2;63;192;32m[38;2;177;119;4mâ–„[48;2;62;186;32m[38;2;173;116;4mâ–„[48;2;61;186;31m[38;2;176;115;4mâ–„[48;2;63;191;32m[38;2;174;115;4mâ–„[48;2;67;202;34m[38;2;170;113;4mâ–„[48;2;70;213;36m[38;2;180;118;3mâ–„[48;2;72;219;37m[38;2;175;117;4mâ–„[48;2;73;220;37m[38;2;154;120;7mâ–„[48;2;73;220;37m[38;2;80;94;11mâ–„[48;2;73;219;37m[38;2;48;93;15mâ–„[48;2;73;218;37m[38;2;41;112;19mâ–„[48;2;72;215;36m[38;2;45;144;25mâ–„[48;2;64;192;32m[38;2;63;191;32mâ–„[48;2;32;99;16m[38;2;73;218;37mâ–„[48;2;21;41;16m[38;2;72;210;38mâ–„[48;2;38;66;30m[38;2;67;177;41mâ–„[48;2;79;141;63m[38;2;53;123;36mâ–„[48;2;98;178;78m[38;2;32;57;25mâ–„[48;2;98;179;77m[38;2;25;46;20mâ–„[48;2;97;177;77m[38;2;56;100;46mâ–„[48;2;98;177;78m[38;2;93;165;75mâ–„[48;2;97;176;77m[38;2;100;181;80mâ–„[48;2;98;177;77m[38;2;97;176;76mâ–„[48;2;97;176;78m[38;2;98;177;78mâ–„[48;2;99;174;79m[38;2;98;177;78mâ–„[0m
         [48;2;98;178;78m[38;2;46;76;38mâ–„[48;2;100;178;80m[38;2;50;69;45mâ–„[48;2;99;176;80m[38;2;35;46;33mâ–„[48;2;82;148;65m[38;2;7;9;6mâ–„[48;2;64;117;50m[38;2;35;54;30mâ–„[48;2;42;77;34m[38;2;52;107;39mâ–„[48;2;26;46;21m[38;2;80;194;52mâ–„[48;2;34;71;26m[38;2;73;216;38mâ–„[48;2;54;133;35m[38;2;67;192;32mâ–„[48;2;81;199;52m[38;2;81;158;23mâ–„[48;2;80;218;46m[38;2;100;110;11mâ–„[48;2;66;199;33m[38;2;152;98;2mâ–„[48;2;60;157;26m[38;2;220;129;1mâ–„[48;2;80;128;18m[38;2;251;145;0mâ–„[48;2;120;110;9m[38;2;255;147;0mâ–„[48;2;154;106;4m[38;2;255;147;0mâ–„[48;2;181;114;2m[38;2;255;147;0mâ–„[48;2;230;134;0m[38;2;255;147;0mâ–„[48;2;251;144;0m[38;2;255;147;0mâ–„[48;2;254;146;0m[38;2;255;147;0mâ–„[48;2;255;147;0m [48;2;163;94;0m[38;2;134;78;0mâ–„[48;2;2;1;0m[38;2;58;33;0mâ–„[48;2;13;7;0m[38;2;133;76;0mâ–„[48;2;64;38;0m[38;2;12;7;0mâ–„[48;2;250;144;0m[38;2;234;135;0mâ–„[48;2;255;147;0m [48;2;255;147;0m [48;2;255;147;0m [48;2;255;147;0m [48;2;255;147;0m [48;2;255;147;0m [48;2;255;147;0m [48;2;249;146;0m[38;2;255;147;0mâ–„[48;2;239;143;2m[38;2;255;147;0mâ–„[48;2;223;131;1m[38;2;255;147;0mâ–„[48;2;192;120;2m[38;2;255;147;0mâ–„[48;2;130;96;5m[38;2;255;147;0mâ–„[48;2;82;88;9m[38;2;255;148;0mâ–„[48;2;62;104;15m[38;2;247;147;1mâ–„[48;2;49;132;22m[38;2;212;134;3mâ–„[48;2;57;165;32m[38;2;144;95;3mâ–„[48;2;53;117;38m[38;2;74;61;8mâ–„[48;2;50;97;39m[38;2;47;60;21mâ–„[48;2;35;56;29m[38;2;47;81;33mâ–„[48;2;17;22;15m[38;2;20;34;19mâ–„[48;2;31;50;26m[38;2;48;73;42mâ–„[48;2;55;90;47m[38;2;37;56;33mâ–„[48;2;78;132;64m[38;2;21;31;18mâ–„[48;2;95;167;78m[38;2;18;26;16mâ–„[0m
         [48;2;48;74;43m[38;2;51;78;45mâ–„[48;2;48;74;43m[38;2;50;76;44mâ–„[48;2;46;71;42m[38;2;12;17;11mâ–„[48;2;32;54;28m[38;2;45;93;35mâ–„[48;2;58;112;46m[38;2;26;45;17mâ–„[48;2;55;130;37m[38;2;121;83;5mâ–„[48;2;57;133;27m[38;2;232;138;0mâ–„[48;2;101;96;8m[38;2;253;146;0mâ–„[48;2;200;118;1m[38;2;254;147;0mâ–„[48;2;248;144;0m[38;2;255;147;0mâ–„[48;2;254;147;0m[38;2;255;147;0mâ–„[48;2;255;147;0m [48;2;255;147;0m [48;2;255;147;0m [48;2;255;147;0m [48;2;255;147;0m [48;2;255;147;0m [48;2;255;147;0m [48;2;255;147;0m [48;2;255;147;0m [48;2;255;147;0m [48;2;173;100;0m[38;2;210;122;0mâ–„[48;2;172;100;0m[38;2;76;44;0mâ–„[48;2;214;123;0m[38;2;153;88;0mâ–„[48;2;36;21;0m[38;2;162;94;0mâ–„[48;2;201;116;0m[38;2;20;12;0mâ–„[48;2;254;147;0m[38;2;238;137;0mâ–„[48;2;255;147;0m [48;2;255;147;0m [48;2;255;147;0m [48;2;255;147;0m [48;2;255;147;0m [48;2;255;147;0m [48;2;255;147;0m [48;2;255;147;0m [48;2;255;147;0m [48;2;255;147;0m [48;2;255;147;0m [48;2;255;147;0m [48;2;255;147;0m [48;2;255;147;0m [48;2;255;147;0m [48;2;254;147;0m[38;2;255;147;0mâ–„[48;2;241;143;1m[38;2;255;147;0mâ–„[48;2;213;125;0m[38;2;255;147;0mâ–„[48;2;117;73;3m[38;2;252;147;1mâ–„[48;2;25;36;21m[38;2;94;69;18mâ–„[48;2;50;77;44m[38;2;39;59;33mâ–„[48;2;51;78;45m [48;2;51;78;44m[38;2;51;78;45mâ–„[0m
         [48;2;51;78;45m[38;2;50;76;44mâ–„[48;2;40;58;34m[38;2;43;36;13mâ–„[48;2;38;37;6m[38;2;240;143;2mâ–„[48;2;149;95;6m[38;2;254;147;0mâ–„[48;2;226;134;1m[38;2;255;147;0mâ–„[48;2;253;146;0m[38;2;255;147;0mâ–„[48;2;255;147;0m [48;2;255;147;0m [48;2;255;147;0m [48;2;255;147;0m [48;2;255;147;0m [48;2;255;147;0m [48;2;255;147;0m [48;2;255;147;0m [48;2;255;147;0m [48;2;255;147;0m [48;2;255;147;0m [48;2;255;147;0m [48;2;255;147;0m [48;2;255;147;0m [48;2;255;147;0m[38;2;243;140;0mâ–„[48;2;116;67;0m[38;2;90;52;0mâ–„[48;2;237;137;0m[38;2;254;147;0mâ–„[48;2;248;143;0m[38;2;255;147;0mâ–„[48;2;250;144;0m[38;2;255;147;0mâ–„[48;2;45;25;0m[38;2;191;110;0mâ–„[48;2;64;36;0m[38;2;32;18;0mâ–„[48;2;245;141;0m[38;2;152;87;0mâ–„[48;2;255;147;0m [48;2;255;147;0m [48;2;255;147;0m [48;2;255;147;0m [48;2;255;147;0m [48;2;255;147;0m [48;2;255;147;0m [48;2;255;147;0m [48;2;255;147;0m [48;2;255;147;0m [48;2;255;147;0m [48;2;255;147;0m [48;2;255;147;0m [48;2;255;147;0m [48;2;255;147;0m [48;2;255;147;0m [48;2;255;147;0m [48;2;254;147;0m[38;2;255;147;0mâ–„[48;2;230;140;6m[38;2;254;147;0mâ–„[48;2;25;21;7m[38;2;143;86;2mâ–„[48;2;48;74;42m[38;2;39;60;34mâ–„[48;2;51;78;45m [0m
         [48;2;41;63;37m[38;2;40;47;23mâ–„[48;2;119;70;1m[38;2;230;135;0mâ–„[48;2;255;147;0m [48;2;255;147;0m [48;2;255;147;0m [48;2;255;147;0m [48;2;255;147;0m [48;2;255;147;0m [48;2;255;147;0m [48;2;255;147;0m [48;2;255;147;0m [48;2;255;147;0m [48;2;255;147;0m [48;2;255;147;0m [48;2;255;147;0m [48;2;255;147;0m [48;2;255;147;0m [48;2;255;147;0m [48;2;255;147;0m [48;2;255;147;0m [48;2;180;104;0m[38;2;120;68;0mâ–„[48;2;135;78;0m[38;2;158;91;0mâ–„[48;2;255;147;0m[38;2;250;145;0mâ–„[48;2;255;147;0m [48;2;255;147;0m[38;2;254;146;0mâ–„[48;2;252;145;0m[38;2;209;120;0mâ–„[48;2;54;31;0m[38;2;61;35;0mâ–„[48;2;94;54;0m[38;2;159;91;0mâ–„[48;2;254;146;0m[38;2;244;140;0mâ–„[48;2;255;147;0m [48;2;255;147;0m [48;2;255;147;0m [48;2;255;147;0m [48;2;255;147;0m [48;2;255;147;0m [48;2;255;147;0m [48;2;255;147;0m [48;2;255;147;0m [48;2;255;147;0m [48;2;255;147;0m [48;2;255;147;0m [48;2;255;147;0m [48;2;255;147;0m [48;2;255;147;0m [48;2;255;147;0m [48;2;255;147;0m [48;2;255;147;0m [48;2;240;144;1m[38;2;255;147;0mâ–„[48;2;36;40;18m[38;2;70;49;6mâ–„[48;2;50;78;45m[38;2;45;69;40mâ–„[0m
         [48;2;65;48;9m[38;2;98;64;6mâ–„[48;2;255;149;0m[38;2;255;147;0mâ–„[48;2;255;147;0m [48;2;255;147;0m [48;2;255;147;0m [48;2;255;147;0m [48;2;255;147;0m [48;2;255;147;0m [48;2;255;147;0m [48;2;255;147;0m [48;2;255;147;0m [48;2;255;147;0m [48;2;255;147;0m [48;2;255;147;0m [48;2;255;147;0m [48;2;255;147;0m [48;2;255;147;0m [48;2;255;147;0m [48;2;254;147;0m[38;2;254;146;0mâ–„[48;2;225;130;0m[38;2;175;100;0mâ–„[48;2;210;120;0m[38;2;253;146;0mâ–„[48;2;209;121;0m[38;2;254;147;0mâ–„[48;2;86;49;0m[38;2;189;109;0mâ–„[48;2;254;146;0m[38;2;142;81;0mâ–„[48;2;255;147;0m[38;2;102;59;0mâ–„[48;2;199;115;0m[38;2;69;40;0mâ–„[48;2;244;141;0m[38;2;238;138;0mâ–„[48;2;253;146;0m[38;2;184;105;0mâ–„[48;2;200;115;0m[38;2;231;134;0mâ–„[48;2;253;147;0m[38;2;254;146;0mâ–„[48;2;255;147;0m [48;2;255;147;0m [48;2;255;147;0m [48;2;255;147;0m [48;2;255;147;0m [48;2;255;147;0m [48;2;255;147;0m [48;2;255;147;0m [48;2;255;147;0m [48;2;255;147;0m [48;2;255;147;0m [48;2;255;147;0m [48;2;255;147;0m [48;2;255;147;0m [48;2;255;147;0m [48;2;255;147;0m [48;2;255;147;0m [48;2;255;147;0m [48;2;149;98;7m[38;2;215;132;5mâ–„[48;2;35;54;32m[38;2;31;42;22mâ–„[0m
         [48;2;133;82;3m[38;2;153;89;0mâ–„[48;2;255;147;0m [48;2;255;147;0m [48;2;255;147;0m [48;2;255;147;0m [48;2;255;147;0m [48;2;255;147;0m [48;2;255;147;0m [48;2;255;147;0m [48;2;255;147;0m [48;2;255;147;0m [48;2;255;147;0m [48;2;255;147;0m [48;2;255;147;0m[38;2;255;146;0mâ–„[48;2;255;147;0m[38;2;255;146;0mâ–„[48;2;255;147;0m [48;2;255;147;0m[38;2;254;148;0mâ–„[48;2;255;147;0m[38;2;248;147;0mâ–„[48;2;254;147;0m[38;2;242;142;0mâ–„[48;2;204;116;0m[38;2;224;131;0mâ–„[48;2;200;115;0m[38;2;205;124;1mâ–„[48;2;199;115;0m[38;2;175;109;2mâ–„[48;2;172;100;0m[38;2;157;102;2mâ–„[48;2;168;97;0m[38;2;172;114;3mâ–„[48;2;206;119;0m[38;2;156;115;5mâ–„[48;2;215;125;0m[38;2;138;111;7mâ–„[48;2;180;105;0m[38;2;121;105;8mâ–„[48;2;233;136;0m[38;2;120;109;8mâ–„[48;2;254;148;0m[38;2;116;111;9mâ–„[48;2;254;148;0m[38;2;112;111;10mâ–„[48;2;255;148;0m[38;2;130;121;10mâ–„[48;2;254;148;0m[38;2;103;105;10mâ–„[48;2;254;148;0m[38;2;99;99;9mâ–„[48;2;254;148;0m[38;2;106;98;8mâ–„[48;2;254;148;0m[38;2;106;96;8mâ–„[48;2;255;148;0m[38;2;118;98;7mâ–„[48;2;255;147;0m[38;2;123;101;7mâ–„[48;2;255;147;0m[38;2;129;99;6mâ–„[48;2;255;147;0m[38;2;141;100;5mâ–„[48;2;255;147;0m[38;2;166;111;4mâ–„[48;2;255;147;0m[38;2;189;122;4mâ–„[48;2;255;147;0m[38;2;217;131;1mâ–„[48;2;255;147;0m[38;2;248;145;0mâ–„[48;2;255;147;0m[38;2;250;148;0mâ–„[48;2;255;147;0m[38;2;254;149;0mâ–„[48;2;255;147;0m [48;2;255;147;0m [48;2;255;147;0m [48;2;249;147;1m[38;2;254;147;0mâ–„[48;2;47;44;15m[38;2;81;54;7mâ–„[0m
         [48;2;163;95;0m[38;2;176;103;0mâ–„[48;2;255;147;0m [48;2;255;147;0m [48;2;255;147;0m [48;2;255;147;0m [48;2;255;147;0m [48;2;255;147;0m [48;2;255;147;0m[38;2;254;147;0mâ–„[48;2;255;147;0m[38;2;250;144;0mâ–„[48;2;255;147;0m[38;2;238;146;1mâ–„[48;2;254;147;0m[38;2;170;117;4mâ–„[48;2;252;147;0m[38;2;78;65;5mâ–„[48;2;239;144;1m[38;2;36;71;11mâ–„[48;2;220;136;2m[38;2;41;122;21mâ–„[48;2;193;124;2m[38;2;59;179;31mâ–„[48;2;178;119;4m[38;2;69;210;35mâ–„[48;2;129;104;6m[38;2;73;219;37mâ–„[48;2;67;87;10m[38;2;73;219;37mâ–„[48;2;61;106;15m[38;2;73;218;37mâ–„[48;2;52;126;21m[38;2;73;218;37mâ–„[48;2;52;150;25m[38;2;73;218;37mâ–„[48;2;58;177;30m[38;2;73;218;37mâ–„[48;2;63;194;33m[38;2;73;218;37mâ–„[48;2;66;204;34m[38;2;73;218;37mâ–„[48;2;69;212;36m[38;2;73;218;37mâ–„[48;2;72;217;36m[38;2;73;218;37mâ–„[48;2;72;219;37m[38;2;73;218;37mâ–„[48;2;73;220;37m[38;2;73;218;37mâ–„[48;2;73;220;37m[38;2;73;218;37mâ–„[48;2;73;220;37m[38;2;73;218;37mâ–„[48;2;73;220;37m[38;2;73;218;37mâ–„[48;2;73;220;37m[38;2;73;218;37mâ–„[48;2;74;220;37m[38;2;73;218;37mâ–„[48;2;73;220;37m[38;2;73;218;37mâ–„[48;2;73;219;37m[38;2;73;218;37mâ–„[48;2;72;214;36m[38;2;73;218;37mâ–„[48;2;68;207;35m[38;2;73;218;37mâ–„[48;2;65;197;34m[38;2;73;218;37mâ–„[48;2;61;185;32m[38;2;73;218;37mâ–„[48;2;51;157;27m[38;2;73;218;37mâ–„[48;2;41;125;21m[38;2;73;218;37mâ–„[48;2;40;106;18m[38;2;73;218;37mâ–„[48;2;75;92;10m[38;2;73;218;37mâ–„[48;2;76;85;10m[38;2;73;219;37mâ–„[48;2;112;94;7m[38;2;72;216;36mâ–„[48;2;162;113;5m[38;2;64;194;33mâ–„[48;2;219;131;0m[38;2;50;152;26mâ–„[48;2;231;138;1m[38;2;30;65;14mâ–„[48;2;252;147;0m[38;2;106;71;5mâ–„[48;2;97;61;4m[38;2;30;31;7mâ–„[0m
         [48;2;186;108;0m[38;2;185;108;0mâ–„[48;2;255;147;0m[38;2;254;148;0mâ–„[48;2;255;147;0m[38;2;247;144;0mâ–„[48;2;255;147;0m[38;2;188;113;1mâ–„[48;2;255;147;0m[38;2;110;100;8mâ–„[48;2;248;147;0m[38;2;72;136;20mâ–„[48;2;206;124;1m[38;2;62;175;29mâ–„[48;2;115;81;4m[38;2;67;204;34mâ–„[48;2;55;92;13m[38;2;72;217;36mâ–„[48;2;60;157;26m[38;2;73;218;37mâ–„[48;2;66;195;32m[38;2;73;218;37mâ–„[48;2;70;212;35m[38;2;73;218;37mâ–„[48;2;72;215;36m[38;2;73;218;37mâ–„[48;2;73;217;36m[38;2;73;218;37mâ–„[48;2;73;218;37m [48;2;73;218;37m [48;2;73;218;37m [48;2;73;218;37m [48;2;73;218;37m [48;2;73;218;37m [48;2;73;218;37m [48;2;73;218;37m [48;2;73;218;37m [48;2;73;218;37m [48;2;73;218;37m [48;2;73;218;37m [48;2;73;218;37m [48;2;73;218;37m [48;2;73;218;37m [48;2;73;218;37m [48;2;73;218;37m [48;2;73;218;37m [48;2;73;218;37m [48;2;73;218;37m [48;2;73;218;37m [48;2;73;218;37m [48;2;73;218;37m [48;2;73;218;37m [48;2;73;218;37m [48;2;73;218;37m [48;2;73;218;37m [48;2;73;218;37m [48;2;73;218;37m [48;2;73;218;37m [48;2;73;218;37m [48;2;73;218;37m [48;2;71;210;37m[38;2;71;214;37mâ–„[48;2;58;142;37m[38;2;57;136;37mâ–„[48;2;51;109;39m[38;2;54;109;40mâ–„[48;2;36;76;26m[38;2;38;71;31mâ–„[0m
         [48;2;73;63;12m[38;2;24;46;20mâ–„[48;2;89;67;7m[38;2;54;120;38mâ–„[48;2;67;119;19m[38;2;66;192;35mâ–„[48;2;61;177;29m[38;2;73;217;37mâ–„[48;2;71;213;36m[38;2;73;218;37mâ–„[48;2;73;218;37m [48;2;73;218;37m [48;2;71;214;35m[38;2;42;129;21mâ–„[48;2;43;131;22m[38;2;4;10;2mâ–„[48;2;37;111;19m[38;2;4;10;2mâ–„[48;2;60;180;30m[38;2;7;22;3mâ–„[48;2;73;218;37m[38;2;62;187;31mâ–„[48;2;73;218;37m [48;2;73;218;37m [48;2;73;218;37m [48;2;73;218;37m [48;2;73;218;37m [48;2;73;218;37m [48;2;73;218;37m [48;2;73;218;37m [48;2;73;218;37m [48;2;73;218;37m [48;2;73;218;37m [48;2;73;218;37m [48;2;73;218;37m [48;2;73;218;37m [48;2;73;218;37m [48;2;73;218;37m [48;2;73;218;37m [48;2;73;218;37m [48;2;73;218;37m [48;2;73;218;37m [48;2;73;218;37m [48;2;73;218;37m [48;2;73;218;37m [48;2;73;218;37m[38;2;72;217;36mâ–„[48;2;69;208;35m[38;2;20;61;10mâ–„[48;2;43;129;22m[38;2;4;11;2mâ–„[48;2;38;116;19m[38;2;3;8;1mâ–„[48;2;64;192;32m[38;2;19;57;10mâ–„[48;2;73;218;37m[38;2;73;219;37mâ–„[48;2;73;218;37m [48;2;73;218;37m [48;2;73;218;37m [48;2;73;218;37m [48;2;73;218;37m [48;2;72;214;36m[38;2;71;213;36mâ–„[48;2;55;130;37m[38;2;55;123;38mâ–„[48;2;54;108;41m[38;2;56;110;44mâ–„[48;2;35;60;30m[38;2;35;57;30mâ–„[0m
         [48;2;37;68;29m[38;2;38;61;33mâ–„[48;2;58;132;39m[38;2;62;134;45mâ–„[48;2;64;179;36m[38;2;55;129;37mâ–„[48;2;72;217;36m[38;2;71;210;36mâ–„[48;2;73;218;37m [48;2;73;218;37m [48;2;73;218;37m [48;2;27;82;14m[38;2;59;178;30mâ–„[48;2;4;11;3m[38;2;3;9;1mâ–„[48;2;0;0;0m[38;2;8;18;4mâ–„[48;2;1;3;1m[38;2;4;12;2mâ–„[48;2;36;112;19m[38;2;54;163;27mâ–„[48;2;73;218;37m [48;2;73;218;37m [48;2;73;218;37m [48;2;73;218;37m [48;2;73;218;37m [48;2;73;218;37m [48;2;73;218;37m [48;2;73;218;37m [48;2;73;218;37m [48;2;73;218;37m [48;2;73;218;37m [48;2;73;218;37m [48;2;73;218;37m [48;2;73;218;37m [48;2;73;218;37m [48;2;73;218;37m [48;2;73;218;37m [48;2;73;218;37m [48;2;73;218;37m [48;2;73;218;37m [48;2;73;218;37m [48;2;73;218;37m [48;2;73;218;37m [48;2;70;210;36m[38;2;72;217;36mâ–„[48;2;4;11;1m[38;2;9;28;4mâ–„[48;2;0;0;0m[38;2;6;16;3mâ–„[48;2;1;3;1m[38;2;6;15;3mâ–„[48;2;13;39;6m[38;2;32;94;15mâ–„[48;2;73;218;37m [48;2;73;218;37m [48;2;73;218;37m [48;2;73;218;37m [48;2;73;218;37m [48;2;73;218;37m [48;2;70;207;36m[38;2;67;196;36mâ–„[48;2;52;110;38m [48;2;57;101;47m[38;2;56;90;47mâ–„[48;2;36;55;31m[38;2;38;58;33mâ–„[0m
         [48;2;40;63;35m[38;2;43;67;38mâ–„[48;2;61;117;48m[38;2;45;80;38mâ–„[48;2;54;114;39m[38;2;52;110;38mâ–„[48;2;64;177;36m[38;2;59;150;37mâ–„[48;2;72;217;36m[38;2;72;214;36mâ–„[48;2;73;218;37m [48;2;73;218;37m [48;2;72;217;36m[38;2;73;218;37mâ–„[48;2;61;182;30m[38;2;73;218;37mâ–„[48;2;45;135;22m[38;2;73;218;37mâ–„[48;2;58;174;29m[38;2;73;218;37mâ–„[48;2;72;217;36m[38;2;73;218;37mâ–„[48;2;73;218;37m [48;2;73;218;37m [48;2;73;218;37m [48;2;73;218;37m [48;2;73;218;37m [48;2;73;218;37m [48;2;73;218;37m [48;2;73;218;37m [48;2;71;212;35m[38;2;72;216;36mâ–„[48;2;34;101;17m[38;2;11;32;5mâ–„[48;2;34;101;17m[38;2;1;2;1mâ–„[48;2;34;98;18m[38;2;1;3;1mâ–„[48;2;35;101;18m[38;2;1;1;1mâ–„[48;2;35;100;17m[38;2;1;3;1mâ–„[48;2;57;170;29m[38;2;56;168;28mâ–„[48;2;73;218;37m [48;2;73;218;37m [48;2;73;218;37m [48;2;73;218;37m [48;2;73;218;37m [48;2;73;218;37m [48;2;73;218;37m [48;2;73;218;37m [48;2;72;217;36m[38;2;72;218;36mâ–„[48;2;66;197;33m[38;2;72;217;36mâ–„[48;2;46;139;23m[38;2;73;217;37mâ–„[48;2;54;163;27m[38;2;72;217;37mâ–„[48;2;71;212;36m[38;2;72;217;36mâ–„[48;2;73;218;37m [48;2;73;218;37m [48;2;73;218;37m [48;2;73;218;37m [48;2;73;218;37m [48;2;72;217;37m[38;2;70;204;36mâ–„[48;2;60;158;37m[38;2;53;122;37mâ–„[48;2;52;103;38m[38;2;52;104;40mâ–„[48;2;33;54;28m[38;2;21;34;18mâ–„[48;2;46;70;41m[38;2;49;76;44mâ–„[0m
         [48;2;49;76;44m[38;2;51;78;45mâ–„[48;2;32;51;28m[38;2;43;65;37mâ–„[48;2;61;125;45m[38;2;81;124;71mâ–„[48;2;54;124;38m[38;2;53;113;40mâ–„[48;2;68;202;36m[38;2;60;156;37mâ–„[48;2;73;218;37m[38;2;72;215;36mâ–„[48;2;73;218;37m [48;2;73;218;37m [48;2;73;218;37m[38;2;73;216;37mâ–„[48;2;73;217;37m[38;2;93;205;61mâ–„[48;2;79;213;44m[38;2;121;189;95mâ–„[48;2;85;210;51m[38;2;132;184;108mâ–„[48;2;82;211;47m[38;2;121;191;93mâ–„[48;2;73;217;37m[38;2;85;210;52mâ–„[48;2;73;218;37m[38;2;73;217;37mâ–„[48;2;73;218;37m [48;2;73;218;37m [48;2;73;218;37m [48;2;73;218;37m [48;2;73;218;37m [48;2;73;218;37m [48;2;37;111;20m[38;2;71;214;36mâ–„[48;2;1;2;0m[38;2;44;128;22mâ–„[48;2;2;4;2m[38;2;15;39;8mâ–„[48;2;1;1;1m[38;2;29;82;14mâ–„[48;2;13;37;7m[38;2;68;204;34mâ–„[48;2;70;210;35m[38;2;73;218;37mâ–„[48;2;73;217;37m[38;2;73;218;37mâ–„[48;2;73;218;37m [48;2;73;218;37m [48;2;73;218;37m [48;2;73;218;37m [48;2;73;218;37m [48;2;73;218;37m [48;2;73;217;37m[38;2;74;216;38mâ–„[48;2;82;211;47m[38;2;118;191;90mâ–„[48;2;100;200;70m[38;2;132;185;108mâ–„[48;2;103;201;72m[38;2;127;187;101mâ–„[48;2;98;203;67m[38;2;125;189;100mâ–„[48;2;85;209;52m[38;2;116;192;88mâ–„[48;2;73;217;37m[38;2;80;211;44mâ–„[48;2;73;218;37m [48;2;73;218;37m [48;2;73;218;37m [48;2;72;217;36m[38;2;68;200;35mâ–„[48;2;63;170;35m[38;2;54;125;36mâ–„[48;2;51;103;38m[38;2;51;99;38mâ–„[48;2;49;101;36m[38;2;22;45;17mâ–„[48;2;30;47;26m[38;2;45;69;39mâ–„[48;2;51;78;45m [0m
         [48;2;51;78;45m [48;2;49;75;43m[38;2;51;78;45mâ–„[48;2;30;38;27m[38;2;39;59;35mâ–„[48;2;63;123;49m[38;2;71;110;62mâ–„[48;2;54;121;37m[38;2;56;119;40mâ–„[48;2;68;198;37m[38;2;60;158;37mâ–„[48;2;73;218;37m[38;2;71;216;36mâ–„[48;2;73;217;37m[38;2;73;216;38mâ–„[48;2;91;206;58m[38;2;110;196;81mâ–„[48;2;122;191;95m[38;2;126;188;100mâ–„[48;2;128;186;102m[38;2;130;187;104mâ–„[48;2;140;180;116m[38;2;128;187;103mâ–„[48;2;126;188;100m[38;2;106;197;76mâ–„[48;2;96;202;64m[38;2;75;215;39mâ–„[48;2;73;217;37m[38;2;72;218;36mâ–„[48;2;73;218;37m [48;2;73;218;37m [48;2;73;218;37m [48;2;73;218;37m [48;2;73;218;37m [48;2;73;218;37m [48;2;73;218;37m [48;2;73;218;37m [48;2;74;220;37m[38;2;73;218;37mâ–„[48;2;73;218;37m [48;2;73;218;37m [48;2;73;218;37m [48;2;73;218;37m [48;2;73;218;37m [48;2;73;218;37m [48;2;73;218;37m [48;2;73;218;37m [48;2;73;218;37m [48;2;73;218;37m [48;2;74;217;38m[38;2;73;217;37mâ–„[48;2;114;194;86m[38;2;76;215;40mâ–„[48;2;142;178;121m[38;2;94;205;62mâ–„[48;2;150;176;129m[38;2;109;196;81mâ–„[48;2;142;180;120m[38;2;95;203;63mâ–„[48;2;116;193;88m[38;2;76;214;41mâ–„[48;2;78;213;44m[38;2;73;217;37mâ–„[48;2;73;218;37m[38;2;73;217;37mâ–„[48;2;73;218;37m[38;2;67;196;36mâ–„[48;2;71;209;37m[38;2;60;154;36mâ–„[48;2;59;152;36m[38;2;57;138;37mâ–„[48;2;52;110;38m[38;2;56;130;37mâ–„[48;2;51;104;38m[38;2;30;71;21mâ–„[48;2;20;31;17m[38;2;45;69;39mâ–„[48;2;50;78;44m[38;2;51;78;45mâ–„[48;2;51;78;45m [0m
         [48;2;51;78;45m[38;2;28;43;24mâ–„[48;2;51;78;45m[38;2;43;64;38mâ–„[48;2;51;78;45m[38;2;52;79;46mâ–„[48;2;34;53;30m[38;2;46;71;41mâ–„[48;2;64;124;48m[38;2;49;106;36mâ–„[48;2;53;115;38m[38;2;57;124;40mâ–„[48;2;63;175;36m[38;2;55;126;38mâ–„[48;2;73;217;37m[38;2;66;186;36mâ–„[48;2;89;208;56m[38;2;73;217;37mâ–„[48;2;111;195;82m[38;2;75;215;40mâ–„[48;2;109;197;80m[38;2;74;216;38mâ–„[48;2;85;209;52m[38;2;73;218;36mâ–„[48;2;73;216;37m[38;2;73;218;37mâ–„[48;2;73;218;37m [48;2;73;218;37m [48;2;73;218;37m [48;2;73;218;37m [48;2;73;218;37m [48;2;73;218;37m [48;2;73;218;37m [48;2;73;218;37m [48;2;73;218;37m [48;2;73;218;37m [48;2;73;218;37m [48;2;73;218;37m [48;2;73;218;37m [48;2;73;218;37m [48;2;73;218;37m [48;2;73;218;37m [48;2;73;218;37m [48;2;73;218;37m [48;2;73;218;37m [48;2;73;218;37m [48;2;73;218;37m [48;2;73;218;37m [48;2;73;218;37m [48;2;73;217;37m[38;2;73;218;37mâ–„[48;2;73;217;37m[38;2;73;218;37mâ–„[48;2;73;217;36m[38;2;73;218;37mâ–„[48;2;73;218;37m[38;2;71;214;36mâ–„[48;2;71;212;36m[38;2;63;172;36mâ–„[48;2;63;174;35m[38;2;57;138;37mâ–„[48;2;58;146;36m[38;2;57;137;38mâ–„[48;2;58;139;37m[38;2;57;138;37mâ–„[48;2;58;138;37m[38;2;54;128;35mâ–„[48;2;50;117;34m[38;2;20;44;14mâ–„[48;2;20;32;17m[38;2;39;61;34mâ–„[48;2;51;77;44m[38;2;45;69;40mâ–„[48;2;51;78;45m[38;2;45;69;40mâ–„[48;2;51;78;45m[38;2;49;75;43mâ–„[0m
         [48;2;84;151;67m[38;2;98;177;78mâ–„[48;2;43;80;34m[38;2;98;177;78mâ–„[48;2;22;39;19m[38;2;98;178;78mâ–„[48;2;43;67;38m[38;2;81;148;64mâ–„[48;2;40;70;33m[38;2;44;78;36mâ–„[48;2;54;127;36m[38;2;21;47;15mâ–„[48;2;55;120;39m[38;2;54;117;39mâ–„[48;2;56;133;37m[38;2;59;133;40mâ–„[48;2;71;211;36m[38;2;61;164;37mâ–„[48;2;73;217;36m[38;2;71;211;36mâ–„[48;2;73;218;37m[38;2;72;218;36mâ–„[48;2;73;218;37m [48;2;73;218;37m [48;2;73;218;37m [48;2;73;218;37m [48;2;73;218;37m [48;2;73;218;37m [48;2;73;218;37m [48;2;73;218;37m [48;2;73;218;37m [48;2;73;218;37m [48;2;73;218;37m [48;2;73;218;37m [48;2;73;218;37m [48;2;73;218;37m [48;2;73;218;37m [48;2;73;218;37m [48;2;73;218;37m [48;2;73;218;37m [48;2;73;218;37m [48;2;73;218;37m [48;2;73;218;37m [48;2;73;218;37m [48;2;73;218;37m [48;2;73;218;37m [48;2;73;218;37m [48;2;73;218;37m[38;2;73;217;37mâ–„[48;2;73;218;37m[38;2;72;217;36mâ–„[48;2;73;218;37m[38;2;67;203;34mâ–„[48;2;68;194;37m[38;2;40;116;21mâ–„[48;2;58;142;36m[38;2;8;21;5mâ–„[48;2;49;120;31m[38;2;6;10;5mâ–„[48;2;25;59;16m[38;2;73;108;65mâ–„[48;2;15;33;11m[38;2;95;157;79mâ–„[48;2;12;25;9m[38;2;97;175;77mâ–„[48;2;21;32;19m[38;2;99;179;79mâ–„[48;2;23;35;19m[38;2;98;178;78mâ–„[48;2;20;34;17m[38;2;98;178;78mâ–„[48;2;13;24;11m[38;2;98;178;78mâ–„[48;2;16;26;14m[38;2;98;177;78mâ–„[0m
         [48;2;97;176;77m[38;2;58;103;46mâ–„[48;2;98;177;78m[38;2;94;170;75mâ–„[48;2;98;177;78m[38;2;99;179;79mâ–„[48;2;98;177;78m[38;2;97;176;77mâ–„[48;2;97;176;77m[38;2;98;177;78mâ–„[48;2;91;165;72m[38;2;98;177;78mâ–„[48;2;55;100;44m[38;2;98;177;78mâ–„[48;2;15;27;10m[38;2;92;168;73mâ–„[48;2;24;46;18m[38;2;76;138;61mâ–„[48;2;73;154;53m[38;2;54;96;43mâ–„[48;2;74;213;39m[38;2;24;48;18mâ–„[48;2;74;222;37m[38;2;20;55;11mâ–„[48;2;73;217;37m[38;2;31;91;16mâ–„[48;2;73;218;37m[38;2;49;145;24mâ–„[48;2;73;218;37m[38;2;68;201;35mâ–„[48;2;73;218;37m[38;2;73;217;37mâ–„[48;2;73;218;37m[38;2;74;220;37mâ–„[48;2;73;218;37m[38;2;73;219;37mâ–„[48;2;73;218;37m [48;2;73;218;37m [48;2;73;218;37m [48;2;73;218;37m [48;2;73;218;37m [48;2;73;218;37m [48;2;73;218;37m [48;2;73;218;37m [48;2;73;218;37m [48;2;73;218;37m [48;2;73;218;37m [48;2;73;218;37m [48;2;73;218;37m[38;2;73;220;37mâ–„[48;2;73;218;37m[38;2;72;214;37mâ–„[48;2;73;218;37m[38;2;63;187;32mâ–„[48;2;72;217;36m[38;2;41;120;22mâ–„[48;2;74;222;36m[38;2;21;52;13mâ–„[48;2;67;203;34m[38;2;39;62;34mâ–„[48;2;40;117;21m[38;2;64;103;54mâ–„[48;2;14;43;7m[38;2;72;126;57mâ–„[48;2;4;12;2m[38;2;87;156;69mâ–„[48;2;25;45;21m[38;2;97;174;78mâ–„[48;2;71;124;57m[38;2;99;177;80mâ–„[48;2;97;168;78m[38;2;94;170;75mâ–„[48;2;96;175;77m[38;2;103;177;84mâ–„[48;2;98;176;79m[38;2;109;183;90mâ–„[48;2;100;178;80m[38;2;112;185;94mâ–„[48;2;100;177;80m[38;2;111;184;92mâ–„[48;2;99;177;80m[38;2;107;182;89mâ–„[48;2;98;177;78m[38;2;105;182;85mâ–„[48;2;98;177;78m[38;2;103;180;83mâ–„[48;2;98;177;78m[38;2;99;177;79mâ–„[0m
          [38;2;54;79;47mâ–€[38;2;72;123;60mâ–€[48;2;97;176;78m[38;2;65;87;60mâ–„[48;2;98;177;78m[38;2;73;130;59mâ–„[48;2;98;177;78m[38;2;91;165;72mâ–„[48;2;98;177;78m [48;2;98;177;78m [48;2;98;177;78m [48;2;96;172;77m[38;2;98;177;78mâ–„[48;2;82;147;65m[38;2;98;177;78mâ–„[48;2;66;116;52m[38;2;98;177;78mâ–„[48;2;46;78;38m[38;2;98;177;78mâ–„[48;2;27;51;20m[38;2;98;177;78mâ–„[48;2;28;60;20m[38;2;94;169;74mâ–„[48;2;28;67;19m[38;2;86;155;69mâ–„[48;2;34;96;19m[38;2;69;123;54mâ–„[48;2;42;126;21m[38;2;48;86;39mâ–„[48;2;51;148;27m[38;2;36;64;28mâ–„[48;2;55;164;28m[38;2;26;46;20mâ–„[48;2;60;180;30m[38;2;23;39;18mâ–„[48;2;62;186;31m[38;2;21;40;17mâ–„[48;2;61;181;31m[38;2;19;36;16mâ–„[48;2;67;176;40m[38;2;18;32;14mâ–„[48;2;63;173;35m[38;2;23;36;19mâ–„[48;2;56;168;29m[38;2;27;42;23mâ–„[48;2;53;160;27m[38;2;29;45;24mâ–„[48;2;44;133;22m[38;2;30;53;25mâ–„[48;2;34;102;17m[38;2;52;89;43mâ–„[48;2;20;60;10m[38;2;88;148;71mâ–„[48;2;24;47;19m[38;2;97;171;78mâ–„[48;2;34;62;27m[38;2;98;177;78mâ–„[48;2;55;99;44m[38;2;98;177;78mâ–„[48;2;80;144;64m[38;2;98;177;78mâ–„[48;2;99;176;79m[38;2;98;177;78mâ–„[48;2;98;177;78m [48;2;98;177;78m[38;2;99;177;79mâ–„[48;2;99;177;79m[38;2;96;172;76mâ–„[48;2;99;175;79m[38;2;85;151;68mâ–„[48;2;95;169;76m[38;2;72;121;60mâ–„[48;2;109;180;92m[38;2;37;57;32mâ–„[48;2;100;159;85m[38;2;38;41;36mâ–„[48;2;72;107;62m[38;2;74;74;74mâ–„[0m[38;2;44;65;38mâ–€[38;2;31;48;27mâ–€[38;2;31;48;26mâ–€[38;2;31;52;25mâ–€[38;2;41;71;34mâ–€[38;2;59;97;50mâ–€[0m
               [38;2;95;106;94mâ–€[38;2;81;137;65mâ–€[38;2;91;166;73mâ–€[48;2;95;174;76m[38;2;61;73;59mâ–„[48;2;98;177;78m[38;2;33;66;26mâ–„[48;2;98;177;78m[38;2;81;143;65mâ–„[48;2;98;177;78m[38;2;102;182;81mâ–„[48;2;98;177;78m[38;2;97;176;77mâ–„[48;2;98;177;78m [48;2;98;177;78m [48;2;98;177;78m [48;2;98;177;78m [48;2;98;177;78m [48;2;98;177;78m [48;2;98;178;78m[38;2;98;177;78mâ–„[48;2;98;179;78m[38;2;98;177;78mâ–„[48;2;98;179;78m[38;2;98;177;78mâ–„[48;2;99;179;78m[38;2;98;177;78mâ–„[48;2;98;179;78m[38;2;98;177;78mâ–„[48;2;98;178;78m[38;2;98;177;78mâ–„[48;2;98;178;78m[38;2;98;177;78mâ–„[48;2;98;178;78m[38;2;98;177;78mâ–„[48;2;98;179;78m[38;2;98;177;78mâ–„[48;2;97;177;77m[38;2;98;177;78mâ–„[48;2;98;177;78m [48;2;98;177;78m [48;2;98;177;78m[38;2;98;176;78mâ–„[48;2;98;177;78m[38;2;99;179;78mâ–„[48;2;98;177;78m[38;2;93;169;74mâ–„[48;2;98;177;78m[38;2;56;106;44mâ–„[48;2;96;174;77m[38;2;16;31;13mâ–„[48;2;68;126;54m[38;2;58;58;58mâ–„[0m[38;2;28;50;23mâ–€[38;2;20;22;20mâ–€[0m
                     [38;2;41;52;39mâ–€[38;2;39;76;30mâ–€[38;2;73;136;57mâ–€[48;2;90;162;72m[38;2;96;100;95mâ–„[48;2;99;175;79m[38;2;60;69;58mâ–„[48;2;98;177;78m[38;2;46;59;43mâ–„[48;2;98;177;78m[38;2;32;51;27mâ–„[48;2;98;178;78m[38;2;28;50;23mâ–„[48;2;98;178;78m[38;2;28;55;22mâ–„[48;2;98;178;78m[38;2;35;64;28mâ–„[48;2;98;177;78m[38;2;41;75;33mâ–„[48;2;98;177;78m[38;2;50;89;41mâ–„[48;2;98;177;77m[38;2;54;89;45mâ–„[48;2;98;177;77m[38;2;53;89;44mâ–„[48;2;98;177;78m[38;2;49;86;39mâ–„[48;2;98;177;78m[38;2;45;83;36mâ–„[48;2;98;177;78m[38;2;40;74;32mâ–„[48;2;98;177;78m[38;2;35;64;28mâ–„[48;2;98;178;78m[38;2;39;60;33mâ–„[48;2;90;163;71m[38;2;55;61;53mâ–„[0m[38;2;53;97;41mâ–€[38;2;24;44;19mâ–€[38;2;36;41;35mâ–€[0m

    [1;32m/---------------------------------------------------------------------------------\
    |                             [1;34mDo you like PEASS?[1;32m                                  |
    |---------------------------------------------------------------------------------|
    |         [1;33mLearn Cloud Hacking[1;32m       :     [1;31mhttps://training.hacktricks.xyz [1;32m         |
    |         [1;33mFollow on Twitter[1;32m         :     [1;31m@hacktricks_live[1;32m                        |
    |         [1;33mRespect on HTB[1;32m            :     [1;31mSirBroccoli            [1;32m                 |
    |---------------------------------------------------------------------------------|
    |                                 [1;34mThank you! [1;32m                                     |
    \---------------------------------------------------------------------------------/
[1;34m          LinPEAS-ng [1;33mby carlospolop
[0m
[1;33mADVISORY: [1;34mThis script should be used for authorized penetration testing and/or educational purposes only. Any misuse of this software will not be the responsibility of the author or of any other collaborator. Use it at your own computers and/or with the computer owner's permission.
[0m
[1;34mLinux Privesc Checklist: [1;33mhttps://book.hacktricks.wiki/en/linux-hardening/linux-privilege-escalation-checklist.html
[0m [1;4mLEGEND[0m:
  [1;31;103mRED/YELLOW[0m: 95% a PE vector
  [1;31mRED[0m: You should take a look to it
  [1;96mLightCyan[0m: Users with console
  [1;34mBlue[0m: Users without console & mounted devs
  [1;32mGreen[0m: Common things (users, groups, SUID/SGID, mounts, .sh scripts, cronjobs) 
  [1;95mLightMagenta[0m: Your username

  [1;31;103mYOU ARE ALREADY ROOT!!![0m (it could take longer to complete execution)

 [1;90mStarting LinPEAS. Caching Writable Folders...[0m
[1;34m                               â•”â•â•â•â•â•â•â•â•â•â•â•â•â•â•â•â•â•â•â•â•—
â•â•â•â•â•â•â•â•â•â•â•â•â•â•â•â•â•â•â•â•â•â•â•â•â•â•â•â•â•â•â•â•£ [1;32mBasic information[1;34m â• â•â•â•â•â•â•â•â•â•â•â•â•â•â•â•â•â•â•â•â•â•â•â•â•â•â•â•â•â•â•â•
[1;34m                               â•šâ•â•â•â•â•â•â•â•â•â•â•â•â•â•â•â•â•â•â•â•[0m
[1;37mOS: [0mLinux version 6.1.0-31-amd64 (debian-kernel@lists.debian.org) (gcc-12 (Debian 12.2.0-14) 12.2.0, GNU ld (GNU Binutils for Debian) 2.40) #1 SMP PREEMPT_DYNAMIC Debian 6.1.128-1 (2025-02-07)
[1;37mUser & Groups: [0muid=0(root) gid=0(root) groups=0(root)
[1;37mHostname: [0m4c2566ca268e

[1;31m[-] No network discovery capabilities (fping or ping not found)
[0m[1;33m[+] [1;32m/usr/bin/bash[1;34m is available for network discovery, port scanning and port forwarding[1;37m (LinPEAS can discover hosts, scan ports, and forward ports. Learn more with -h)
[0m

[1;32mCaching directories [0m[1;33m. [0m[1;33m. [0m[1;33m. [0m[1;33m. [0m[1;33m. [0m[1;33m. [0m[1;33m. [0m[1;33m. [0m[1;33m. [0m[1;33m. [0m[1;33m. [0m[1;33m. [0m[1;33m. [0m[1;33m. [0m[1;33m. [0m[1;33m. [0m[1;33m. [0m[1;33m. [0m[1;33m. [0m[1;33m. [0m[1;33m. [0m[1;33m. [0m[1;33m. [0m[1;33m. [0m[1;33m. [0m[1;33m. [0m[1;33m. [0m[1;33m. [0m[1;33m. [0m[1;33m. [0m[1;33m. [0m[1;33m. [0m[1;33m. [0m[1;33m. [0m[1;33m. [0m[1;33m. [0m[1;33m. [0m[1;33m. [0m[1;33m. [0m[1;33m. [0m[1;33m. [0m[1;33m. [0m[1;33m. [0m[1;33mDONE
[0m
[1;34m                              â•”â•â•â•â•â•â•â•â•â•â•â•â•â•â•â•â•â•â•â•â•â•—
â•â•â•â•â•â•â•â•â•â•â•â•â•â•â•â•â•â•â•â•â•â•â•â•â•â•â•â•â•â•â•£ [1;32mSystem Information[1;34m â• â•â•â•â•â•â•â•â•â•â•â•â•â•â•â•â•â•â•â•â•â•â•â•â•â•â•â•â•â•â•
[1;34m                              â•šâ•â•â•â•â•â•â•â•â•â•â•â•â•â•â•â•â•â•â•â•â•[0m
[1;34mâ•”â•â•â•â•â•â•â•â•â•â•â•£ [1;32mOperative system
[0m[1;34mâ•š [1;34m[3mhttps://book.hacktricks.wiki/en/linux-hardening/privilege-escalation/index.html#kernel-exploits
[0mLinux version 6.1.0-31-amd64 (debian-kernel@lists.debian.org) (gcc-12 (Debian 12.2.0-14) 12.2.0, GNU ld (GNU Binutils for Debian) 2.40) #1 SMP PREEMPT_DYNAMIC Debian 6.1.128-1 (2025-02-07)
[1;90mlsb_release Not Found
[0m
[1;34mâ•”â•â•â•â•â•â•â•â•â•â•â•£ [1;32mSudo version
[0m[1;90msudo Not Found
[0m

[1;34mâ•”â•â•â•â•â•â•â•â•â•â•â•£ [1;32mPATH
[0m[1;34mâ•š [1;34m[3mhttps://book.hacktricks.wiki/en/linux-hardening/privilege-escalation/index.html#writable-path-abuses
[0m
[1;34mâ•”â•â•â•â•â•â•â•â•â•â•â•£ [1;32mDate & uptime
[0mSun Mar  9 23:05:11 UTC 2025
 23:05:11 up  2:42,  0 user,  load average: 0.13, 0.10, 0.09

[1;34mâ•”â•â•â•â•â•â•â•â•â•â•â•£ [1;32mUnmounted file-system?
[0m[1;34mâ•š [1;34m[3mCheck if you can mount umounted devices
[0m
[1;34mâ•”â•â•â•â•â•â•â•â•â•â•â•£ [1;32mAny sd*/disk* disk in /dev? (limit 20)
[0m
[1;34mâ•”â•â•â•â•â•â•â•â•â•â•â•£ [1;32mEnvironment
[0m[1;34mâ•š [1;34m[3mAny private information inside environment variables?
[0mNODE_VERSION=18.20.7
HOSTNAME=4c2566ca268e
YARN_VERSION=1.22.22
HOME=/root
DB_NAME=auth_db
PATH=/usr/local/sbin:/usr/local/bin:/usr/sbin:/usr/bin:/sbin:/bin
DB_[1;31mPASSW[0mORD=user[1;31mpassw[0mord
[1;31mPWD[0m=/app
DB_HOST=db
DB_USER=user

[1;34mâ•”â•â•â•â•â•â•â•â•â•â•â•£ [1;32mSearching Signature verification failed in dmesg
[0m[1;34mâ•š [1;34m[3mhttps://book.hacktricks.wiki/en/linux-hardening/privilege-escalation/index.html#dmesg-signature-verification-failed
[0m[1;90mdmesg Not Found
[0m
[1;34mâ•”â•â•â•â•â•â•â•â•â•â•â•£ [1;32mExecuting Linux Exploit Suggester
[0m[1;34mâ•š [1;34m[3mhttps://github.com/mzet-/linux-exploit-suggester
[0m[+] [1;31m[CVE-2022-2586] nft_object UAF[0m

   Details: https://www.openwall.com/lists/oss-security/2022/08/29/5
   Exposure: less probable
   Tags: ubuntu=(20.04){kernel:5.12.13}
   Download URL: https://www.openwall.com/lists/oss-security/2022/08/29/5/1
   Comments: kernel.unprivileged_userns_clone=1 required (to obtain CAP_NET_ADMIN)

[+] [1;31m[CVE-2021-22555] Netfilter heap out-of-bounds write[0m

   Details: https://google.github.io/security-research/pocs/linux/cve-2021-22555/writeup.html
   Exposure: less probable
   Tags: ubuntu=20.04{kernel:5.8.0-*}
   Download URL: https://raw.githubusercontent.com/google/security-research/master/pocs/linux/cve-2021-22555/exploit.c
   ext-url: https://raw.githubusercontent.com/bcoles/kernel-exploits/master/CVE-2021-22555/exploit.c
   Comments: ip_tables kernel module must be loaded


[1;34mâ•”â•â•â•â•â•â•â•â•â•â•â•£ [1;32mExecuting Linux Exploit Suggester 2
[0m[1;34mâ•š [1;34m[3mhttps://github.com/jondonas/linux-exploit-suggester-2
[0m
[1;34mâ•”â•â•â•â•â•â•â•â•â•â•â•£ [1;32mProtections
[0m[1;34mâ•â•£ [1;32mAppArmor enabled? .............. [0m[0m[1;90mAppArmor Not Found
[0m[1;34mâ•â•£ [1;32mAppArmor profile? .............. [0m[0mdocker-default (enforce)
[1;34mâ•â•£ [1;32mis linuxONE? ................... [0m[0m[1;90ms390x Not Found
[0m[1;34mâ•â•£ [1;32mgrsecurity present? ............ [0m[0m[1;90mgrsecurity Not Found
[0m[1;34mâ•â•£ [1;32mPaX bins present? .............. [0m[0m[1;90mPaX Not Found
[0m[1;34mâ•â•£ [1;32mExecshield enabled? ............ [0m[0m[1;90mExecshield Not Found
[0m[1;34mâ•â•£ [1;32mSELinux enabled? ............... [0m[0m[1;90msestatus Not Found
[0m[1;34mâ•â•£ [1;32mSeccomp enabled? ............... [0m[0m[1;32menabled[0m
[1;34mâ•â•£ [1;32mUser namespace? ................ [0m[0m[1;32menabled[0m
[1;34mâ•â•£ [1;32mCgroup2 enabled? ............... [0m[0m[1;32menabled[0m
[1;34mâ•â•£ [1;32mIs ASLR enabled? ............... [0m[0m[1;32mYes[0m
[1;34mâ•â•£ [1;32mPrinter? ....................... [0m[0m[1;90mNo
[0m[1;34mâ•â•£ [1;32mIs this a virtual machine? ..... [0m[0m[1;32mNo[0m

[1;34m                                   â•”â•â•â•â•â•â•â•â•â•â•â•â•—
â•â•â•â•â•â•â•â•â•â•â•â•â•â•â•â•â•â•â•â•â•â•â•â•â•â•â•â•â•â•â•â•â•â•â•â•£ [1;32mContainer[1;34m â• â•â•â•â•â•â•â•â•â•â•â•â•â•â•â•â•â•â•â•â•â•â•â•â•â•â•â•â•â•â•â•â•â•â•â•
[1;34m                                   â•šâ•â•â•â•â•â•â•â•â•â•â•â•[0m
[1;34mâ•”â•â•â•â•â•â•â•â•â•â•â•£ [1;32mContainer related tools present (if any):
[0m[1;34mâ•”â•â•â•â•â•â•â•â•â•â•â•£ [1;32mContainer details
[0m[1;34mâ•â•£ [1;32mIs this a container? ...........[0m docker
[0m[1;34mâ•â•£ [1;32mAny running containers? ........ [0m[0m[1;90mNo
[0m[1;34mâ•”â•â•â•â•â•â•â•â•â•â•â•£ [1;32mDocker Container details
[0m[1;34mâ•â•£ [1;32mAm I inside Docker group .......[0m No
[0m[1;34mâ•â•£ [1;32mLooking and enumerating Docker Sockets (if any):
[0m[0m[1;34mâ•â•£ [1;32mDocker version .................[0m[1;90m Not Found
[0m[0m[1;34mâ•â•£ [1;32mVulnerable to CVE-2019-5736 ....[0m[1;90m Not Found
[0m[0m[0m[1;34mâ•â•£ [1;32mVulnerable to CVE-2019-13139 ...[0m[1;90m Not Found
[0m[0m[0m[1;34mâ•â•£ [1;32mVulnerable to CVE-2021-41091 ...[0m[1;90m Not Found
[0m[0m[0m[1;34mâ•â•£ [1;32mRootless Docker? ............... [1;31mNo[0m
[0m[0m

[1;34mâ•”â•â•â•â•â•â•â•â•â•â•â•£ [1;32mContainer & breakout enumeration
[0m[1;34mâ•š [1;34m[3mhttps://book.hacktricks.wiki/en/linux-hardening/privilege-escalation/docker-security/docker-breakout-privilege-escalation/index.html
[0m[1;34mâ•â•£ [1;32mContainer ID ...................[0m 4c2566ca268e[0m[1;34mâ•â•£ [1;32mContainer Full ID ..............[0m /
[0m[1;34mâ•â•£ [1;32mSeccomp enabled? ............... [0m[0m[1;32menabled[0m
[1;34mâ•â•£ [1;32mAppArmor profile? .............. [0m[0mdocker-default (enforce)
[1;34mâ•â•£ [1;32mUser proc namespace? ........... [0m[0m[1;32menabled[0m         0          0 4294967295
[1;34mâ•â•£ [1;32mVulnerable to CVE-2019-5021 .... [1;90mNo
[0m
[0m[0m[1;34mâ•â•â•£ [1;32mBreakout via mounts
[0m[1;34mâ•š [1;34m[3mhttps://book.hacktricks.wiki/en/linux-hardening/privilege-escalation/docker-security/docker-breakout-privilege-escalation/sensitive-mounts.html
[0m[1;34mâ•â•£ [1;32m/proc mounted? ................. No
[0m[1;34mâ•â•£ [1;32m/dev mounted? .................. No
[0m[1;34mâ•â•£ [1;32mRun unshare .................... No
[0m[1;34mâ•â•£ [1;32mrelease_agent breakout 1........ No
[0m[1;34mâ•â•£ [1;32mrelease_agent breakout 2........ No
[0m[1;34mâ•â•£ [1;32mrelease_agent breakout 3........ 
[0m[1;34mâ•â•£ [1;32mcore_pattern breakout .......... No
[0m[1;34mâ•â•£ [1;32mbinfmt_misc breakout ........... No
[0m[1;34mâ•â•£ [1;32muevent_helper breakout ......... No
[0m[1;34mâ•â•£ [1;32mis modprobe present ............ No
[0m[1;34mâ•â•£ [1;32mDoS via panic_on_oom ........... No
[0m[1;34mâ•â•£ [1;32mDoS via panic_sys_fs ........... No
[0m[1;34mâ•â•£ [1;32mDoS via sysreq_trigger_dos ..... No
[0m[1;34mâ•â•£ [1;32m/proc/config.gz readable ....... No
[0m[1;34mâ•â•£ [1;32m/proc/sched_debug readable ..... No
[0m[1;34mâ•â•£ [1;32m/proc/*/mountinfo readable ..... No
[0m[1;34mâ•â•£ [1;32m/sys/kernel/security present ... [1;31mYes[0m
[0m[1;34mâ•â•£ [1;32m/sys/kernel/security writable .. No
[0m
[1;34mâ•â•â•£ [1;32mNamespaces
[0m[1;34mâ•š [1;34m[3mhttps://book.hacktricks.wiki/en/linux-hardening/privilege-escalation/docker-security/namespaces/index.html
[0mtotal 0
lrwxrwxrwx 1 root root 0 Mar  9 23:05 cgroup -> cgroup:[4026532910]
lrwxrwxrwx 1 root root 0 Mar  9 23:05 ipc -> ipc:[4026532908]
lrwxrwxrwx 1 root root 0 Mar  9 23:05 mnt -> mnt:[4026532906]
lrwxrwxrwx 1 root root 0 Mar  9 23:05 net -> net:[4026532911]
lrwxrwxrwx 1 root root 0 Mar  9 23:05 pid -> pid:[4026532909]
lrwxrwxrwx 1 root root 0 Mar  9 23:05 pid_for_children -> pid:[4026532909]
lrwxrwxrwx 1 root root 0 Mar  9 23:05 time -> time:[4026531834]
lrwxrwxrwx 1 root root 0 Mar  9 23:05 time_for_children -> time:[4026531834]
lrwxrwxrwx 1 root root 0 Mar  9 23:05 user -> user:[4026531837]
lrwxrwxrwx 1 root root 0 Mar  9 23:05 uts -> uts:[4026532907]

[1;34mâ•”â•â•â•â•â•â•â•â•â•â•â•£ [1;32mContainer Capabilities
[0m[1;34mâ•š [1;34m[3mhttps://book.hacktricks.wiki/en/linux-hardening/privilege-escalation/docker-security/docker-breakout-privilege-escalation/index.html#capabilities-abuse-escape
[0mCapInh:[1;31m [1;32m0000000000000000[0m[0m
CapPrm:[1;31m [1;32m00000000a80425fb[0m=cap_chown,cap_dac_override,cap_fowner,cap_fsetid,cap_kill,cap_setgid,cap_setuid,cap_setpcap,cap_net_bind_service,cap_net_raw,cap_sys_chroot,cap_mknod,cap_audit_write,cap_setfcap[0m
CapEff:[1;31m [1;32m00000000a80425fb[0m=cap_chown,cap_dac_override,cap_fowner,cap_fsetid,cap_kill,cap_setgid,cap_setuid,cap_setpcap,cap_net_bind_service,cap_net_raw,cap_sys_chroot,cap_mknod,cap_audit_write,cap_setfcap[0m
CapBnd:[1;31m [1;32m00000000a80425fb[0m=cap_chown,cap_dac_override,cap_fowner,cap_fsetid,cap_kill,cap_setgid,cap_setuid,cap_setpcap,cap_net_bind_service,cap_net_raw,cap_sys_chroot,cap_mknod,cap_audit_write,cap_setfcap[0m
CapAmb:[1;31m [1;32m0000000000000000[0m[0m
[3mRun capsh --decode=<hex> to decode the capabilities[0m

[1;34mâ•”â•â•â•â•â•â•â•â•â•â•â•£ [1;32mPrivilege Mode
[0m[1;90m Not Found
[0m
[1;34mâ•”â•â•â•â•â•â•â•â•â•â•â•£ [1;32mInteresting Files Mounted
[0moverlay on / type overlay (rw,relatime,lowerdir=/var/lib/docker/overlay2/l/HN4P3WXUF3HZ4UHOISFYEJQX6C:/var/lib/docker/overlay2/l/TMDRU76ZJEZOITRCKOLIAQVZMO:/var/lib/docker/overlay2/l/LR3CUUNTNBYN55G4PASIYF7YC6:/var/lib/docker/overlay2/l/D6M3H74IVEKU4VSKCA4LMGWP3F:/var/lib/docker/overlay2/l/QISHVB4HZ2LDC3DNF6VJL7EVZW:/var/lib/docker/overlay2/l/PH5HKIMN6PTSGSYSXVWHUCFOQQ:/var/lib/docker/overlay2/l/ESYW676JFRPKH4NVEXR3AOME5O:/var/lib/docker/overlay2/l/MRRKMVIBYH62FRY4BB5LNAIQN3:/var/lib/docker/overlay2/l/3JLUYLJDWVS5CWONK6RKJXIBG5:/var/lib/docker/overlay2/l/NN6XN77UQFOHT2DIH5NQYGR2RT:/var/lib/docker/overlay2/l/ZHYMMH47QC3K7ND5WHHWI3XEFI:/var/lib/docker/overlay2/l/6RADVR7OUEO3FBOE4W7U5YAIIS:/var/lib/docker/overlay2/l/2WNQ3W6N3CSKIDY6A2F32GS3MO,upperdir=/var/lib/docker/overlay2/9453ff3399d345d6ac45172a5ae3da149c20ac4307ec966ff31b490cc128e45a/diff,workdir=/var/lib/docker/overlay2/9453ff3399d345d6ac45172a5ae3da149c20ac4307ec966ff31b490cc128e45a/work)
proc on /proc type proc (rw,nosuid,nodev,noexec,relatime)
tmpfs on /dev type tmpfs (rw,nosuid,size=65536k,mode=755,inode64)
devpts on [1;31m/dev/[0mpts type devpts (rw,nosuid,noexec,relatime,gid=5,mode=620,ptmxmode=666)
sysfs on /sys type sysfs (ro,nosuid,nodev,noexec,relatime)
cgroup on /sys/fs/cgroup type cgroup2 (ro,nosuid,nodev,noexec,relatime,nsdelegate,memory_recursiveprot)
mqueue on [1;31m/dev/[0mmqueue type mqueue (rw,nosuid,nodev,noexec,relatime)
shm on [1;31m/dev/[0mshm type tmpfs (rw,nosuid,nodev,noexec,relatime,size=65536k,inode64)
[1;31m/dev/[0mnvme0n1p5 on /app type ext4 (rw,noatime,discard)
[1;31m/dev/[0mnvme0n1p5 on /etc/resolv.conf type ext4 (rw,noatime,discard)
[1;31m/dev/[0mnvme0n1p5 on /etc/hostname type ext4 (rw,noatime,discard)
[1;31m/dev/[0mnvme0n1p5 on /etc/hosts type ext4 (rw,noatime,discard)
proc on /proc/bus type proc (ro,nosuid,nodev,noexec,relatime)
proc on /proc/fs type proc (ro,nosuid,nodev,noexec,relatime)
proc on /proc/irq type proc (ro,nosuid,nodev,noexec,relatime)
proc on /proc/sys type proc (ro,nosuid,nodev,noexec,relatime)
proc on /proc/sysrq-trigger type proc (ro,nosuid,nodev,noexec,relatime)
tmpfs on /proc/asound type tmpfs (ro,relatime,inode64)
tmpfs on /proc/acpi type tmpfs (ro,relatime,inode64)
tmpfs on /proc/kcore type tmpfs (rw,nosuid,size=65536k,mode=755,inode64)
tmpfs on /proc/keys type tmpfs (rw,nosuid,size=65536k,mode=755,inode64)
tmpfs on /proc/timer_list type tmpfs (rw,nosuid,size=65536k,mode=755,inode64)
tmpfs on /sys/firmware type tmpfs (ro,relatime,inode64)
tmpfs on /sys/devices/virtual/powercap type tmpfs (ro,relatime,inode64)

[1;34mâ•”â•â•â•â•â•â•â•â•â•â•â•£ [1;32mPossible Entrypoints
[0m-rwxr-xr-x 1 node node 16M Feb 16 16:51 /tmp/linpeas_fat.sh

[1;34mâ•”â•â•â•â•â•â•â•â•â•â•â•£ [1;32mAm I Containered?
[0m
[1;34mâ•â•â•£ [1;32mRunning AmIContainered
[0m[1;34mâ•š [1;34m[3mhttps://github.com/genuinetools/amicontained
[0m/tmp/linpeas_fat.sh: 1: eval: /dev/shm/bin: Permission denied



[1;34m                                     â•”â•â•â•â•â•â•â•â•—
â•â•â•â•â•â•â•â•â•â•â•â•â•â•â•â•â•â•â•â•â•â•â•â•â•â•â•â•â•â•â•â•â•â•â•â•â•â•£ [1;32mCloud[1;34m â• â•â•â•â•â•â•â•â•â•â•â•â•â•â•â•â•â•â•â•â•â•â•â•â•â•â•â•â•â•â•â•â•â•â•â•â•â•
[1;34m                                     â•šâ•â•â•â•â•â•â•â•[0m
/usr/bin/curl
[1;33mLearn and practice cloud hacking techniques in [1;34mtraining.hacktricks.xyz
[0m
[1;34mâ•â•£ [1;32mGCP Virtual Machine? ................. [1;32mNo[0m
[0m[0m[1;34mâ•â•£ [1;32mGCP Cloud Funtion? ................... [1;32mNo[0m
[0m[0m[1;34mâ•â•£ [1;32mAWS ECS? ............................. [1;32mNo[0m
[0m[0m[1;34mâ•â•£ [1;32mAWS EC2? ............................. [1;32mNo[0m
[0m[0m[1;34mâ•â•£ [1;32mAWS EC2 Beanstalk? ................... [1;32mNo[0m
[0m[0m[1;34mâ•â•£ [1;32mAWS Lambda? .......................... [1;32mNo[0m
[0m[0m[1;34mâ•â•£ [1;32mAWS Codebuild? ....................... [1;32mNo[0m
[0m[0m[1;34mâ•â•£ [1;32mDO Droplet? .......................... [1;32mNo[0m
[0m[0m[1;34mâ•â•£ [1;32mIBM Cloud VM? ........................ [1;32mNo[0m
[0m[0m[1;34mâ•â•£ [1;32mAzure VM or Az metadata? ............. [1;32mNo[0m
[0m[0m[1;34mâ•â•£ [1;32mAzure APP or IDENTITY_ENDPOINT? ...... [1;32mNo[0m
[0m[0m[1;34mâ•â•£ [1;32mAzure Automation Account? ............ [1;32mNo[0m
[0m[0m[1;34mâ•â•£ [1;32mAliyun ECS? .......................... [1;32mNo[0m
[0m[0m[1;34mâ•â•£ [1;32mTencent CVM? ......................... [1;32mNo[0m
[0m[0m


[1;34m                â•”â•â•â•â•â•â•â•â•â•â•â•â•â•â•â•â•â•â•â•â•â•â•â•â•â•â•â•â•â•â•â•â•â•â•â•â•â•â•â•â•â•â•â•â•â•â•â•â•â•—
â•â•â•â•â•â•â•â•â•â•â•â•â•â•â•â•â•£ [1;32mProcesses, Crons, Timers, Services and Sockets[1;34m â• â•â•â•â•â•â•â•â•â•â•â•â•â•â•â•â•
[1;34m                â•šâ•â•â•â•â•â•â•â•â•â•â•â•â•â•â•â•â•â•â•â•â•â•â•â•â•â•â•â•â•â•â•â•â•â•â•â•â•â•â•â•â•â•â•â•â•â•â•â•â•[0m
[1;34mâ•”â•â•â•â•â•â•â•â•â•â•â•£ [1;32mRunning processes (cleaned)
[0m[1;34mâ•š [1;34m[3mCheck weird & unexpected proceses run by root: https://book.hacktricks.wiki/en/linux-hardening/privilege-escalation/index.html#processes
[0m[1;95m[1;31mroot[0m[0m          42  2.1  0.3  50672 27120 ?        Ss   23:05   0:00 [1;31m/[0mbin[1;31m/[0msh [1;31m/tmp[0m[1;31m/[0mlinpeas_fat.sh
[1;95m[1;31mroot[0m[0m        2757  0.0  0.3  50672 25532 ?        S    23:05   0:00  _ [1;31m/[0mbin[1;31m/[0msh [1;31m/tmp[0m[1;31m/[0mlinpeas_fat.sh
[1;95m[1;31mroot[0m[0m        2758  0.0  0.0   8100  3968 ?        R    23:05   0:00  |   _ ps faux[1;32mwww[0m
[1;95m[1;31mroot[0m[0m        2761  0.0  0.3  50672 25532 ?        S    23:05   0:00  _ [1;31m/[0mbin[1;31m/[0msh [1;31m/tmp[0m[1;31m/[0mlinpeas_fat.sh
[1;95m[1;31mroot[0m[0m           1  0.0  0.9 848596 68492 ?        Ssl  22:52   0:00 [1;96mnode[0m server.js


[1;34mâ•”â•â•â•â•â•â•â•â•â•â•â•£ [1;32mProcesses with credentials in memory (root req)
[0m[1;34mâ•š [1;34m[3mhttps://book.hacktricks.wiki/en/linux-hardening/privilege-escalation/index.html#credentials-from-process-memory
[0m[1;90mgdm-password Not Found
[0m[1;90mgnome-keyring-daemon Not Found
[0m[1;90mlightdm Not Found
[0m[1;90mvsftpd Not Found
[0m[1;90mapache2 Not Found
[0m[1;90msshd Not Found
[0m
[1;34mâ•”â•â•â•â•â•â•â•â•â•â•â•£ [1;32mProcesses whose PPID belongs to a different user (not root)
[0m[1;34mâ•š [1;34m[3mYou will know if a user can somehow spawn processes as a different user
[0m
[1;34mâ•”â•â•â•â•â•â•â•â•â•â•â•£ [1;32mSystemd PATH
[0m[1;34mâ•š [1;34m[3mhttps://book.hacktricks.wiki/en/linux-hardening/privilege-escalation/index.html#systemd-path---relative-paths
[0m
[1;34mâ•”â•â•â•â•â•â•â•â•â•â•â•£ [1;32mCron jobs
[0m[1;34mâ•š [1;34m[3mhttps://book.hacktricks.wiki/en/linux-hardening/privilege-escalation/index.html#scheduledcron-jobs
[0m[1;90mcrontab Not Found
[0m[1;90mincrontab Not Found
[0m[1;32m[0m/[1;32m[0me[1;32m[0mt[1;32m[0mc[1;32m[0m/[1;32m[0mc[1;32m[0mr[1;32m[0mo[1;32m[0mn[1;32m[0m.[1;32m[0md[1;32m[0m:[1;32m[0m
[1;32m[0mt[1;32m[0mo[1;32m[0mt[1;32m[0ma[1;32m[0ml[1;32m[0m [1;32m[0m1[1;32m[0m2[1;32m[0m
[1;32m[0md[1;32m[0mr[1;32m[0mw[1;32m[0mx[1;32m[0mr[1;32m[0m-[1;32m[0mx[1;32m[0mr[1;32m[0m-[1;32m[0mx[1;32m[0m [1;32m[0m2[1;32m[0m [1;32m[0mr[1;32m[0mo[1;32m[0mo[1;32m[0mt[1;32m[0m [1;32m[0mr[1;32m[0mo[1;32m[0mo[1;32m[0mt[1;32m[0m [1;32m[0m4[1;32m[0m0[1;32m[0m9[1;32m[0m6[1;32m[0m [1;32m[0mF[1;32m[0me[1;32m[0mb[1;32m[0m [1;32m[0m2[1;32m[0m4[1;32m[0m [1;32m[0m0[1;32m[0m0[1;32m[0m:[1;32m[0m0[1;32m[0m0[1;32m[0m [1;32m[0m.[1;32m[0m
[1;32m[0md[1;32m[0mr[1;32m[0mw[1;32m[0mx[1;32m[0mr[1;32m[0m-[1;32m[0mx[1;32m[0mr[1;32m[0m-[1;32m[0mx[1;32m[0m [1;32m[0m1[1;32m[0m [1;32m[0mr[1;32m[0mo[1;32m[0mo[1;32m[0mt[1;32m[0m [1;32m[0mr[1;32m[0mo[1;32m[0mo[1;32m[0mt[1;32m[0m [1;32m[0m4[1;32m[0m0[1;32m[0m9[1;32m[0m6[1;32m[0m [1;32m[0mM[1;32m[0ma[1;32m[0mr[1;32m[0m [1;32m[0m [1;32m[0m9[1;32m[0m [1;32m[0m2[1;32m[0m2[1;32m[0m:[1;32m[0m5[1;32m[0m1[1;32m[0m [1;32m[0m.[1;32m[0m.[1;32m[0m
[1;32m[0m-[1;32m[0mr[1;32m[0mw[1;32m[0m-[1;32m[0mr[1;32m[0m-[1;32m[0m-[1;32m[0mr[1;32m[0m-[1;32m[0m-[1;32m[0m [1;32m[0m1[1;32m[0m [1;32m[0mr[1;32m[0mo[1;32m[0mo[1;32m[0mt[1;32m[0m [1;32m[0mr[1;32m[0mo[1;32m[0mo[1;32m[0mt[1;32m[0m [1;32m[0m [1;32m[0m2[1;32m[0m0[1;32m[0m1[1;32m[0m [1;32m[0mM[1;32m[0ma[1;32m[0mr[1;32m[0m [1;32m[0m [1;32m[0m5[1;32m[0m [1;32m[0m [1;32m[0m2[1;32m[0m0[1;32m[0m2[1;32m[0m3[1;32m[0m [1;32me2scrub_all[0m
[1;32m[0m
[1;32m[0m/[1;32m[0me[1;32m[0mt[1;32m[0mc[1;32m[0m/[1;32m[0mc[1;32m[0mr[1;32m[0mo[1;32m[0mn[1;32m[0m.[1;32m[0md[1;32m[0ma[1;32m[0mi[1;32m[0ml[1;32m[0my[1;32m[0m:[1;32m[0m
[1;32m[0mt[1;32m[0mo[1;32m[0mt[1;32m[0ma[1;32m[0ml[1;32m[0m [1;32m[0m1[1;32m[0m6[1;32m[0m
[1;32m[0md[1;32m[0mr[1;32m[0mw[1;32m[0mx[1;32m[0mr[1;32m[0m-[1;32m[0mx[1;32m[0mr[1;32m[0m-[1;32m[0mx[1;32m[0m [1;32m[0m2[1;32m[0m [1;32m[0mr[1;32m[0mo[1;32m[0mo[1;32m[0mt[1;32m[0m [1;32m[0mr[1;32m[0mo[1;32m[0mo[1;32m[0mt[1;32m[0m [1;32m[0m4[1;32m[0m0[1;32m[0m9[1;32m[0m6[1;32m[0m [1;32m[0mF[1;32m[0me[1;32m[0mb[1;32m[0m [1;32m[0m2[1;32m[0m4[1;32m[0m [1;32m[0m0[1;32m[0m0[1;32m[0m:[1;32m[0m0[1;32m[0m0[1;32m[0m [1;32m[0m.[1;32m[0m
[1;32m[0md[1;32m[0mr[1;32m[0mw[1;32m[0mx[1;32m[0mr[1;32m[0m-[1;32m[0mx[1;32m[0mr[1;32m[0m-[1;32m[0mx[1;32m[0m [1;32m[0m1[1;32m[0m [1;32m[0mr[1;32m[0mo[1;32m[0mo[1;32m[0mt[1;32m[0m [1;32m[0mr[1;32m[0mo[1;32m[0mo[1;32m[0mt[1;32m[0m [1;32m[0m4[1;32m[0m0[1;32m[0m9[1;32m[0m6[1;32m[0m [1;32m[0mM[1;32m[0ma[1;32m[0mr[1;32m[0m [1;32m[0m [1;32m[0m9[1;32m[0m [1;32m[0m2[1;32m[0m2[1;32m[0m:[1;32m[0m5[1;32m[0m1[1;32m[0m [1;32m[0m.[1;32m[0m.[1;32m[0m
[1;32m[0m-[1;32m[0mr[1;32m[0mw[1;32m[0mx[1;32m[0mr[1;32m[0m-[1;32m[0mx[1;32m[0mr[1;32m[0m-[1;32m[0mx[1;32m[0m [1;32m[0m1[1;32m[0m [1;32m[0mr[1;32m[0mo[1;32m[0mo[1;32m[0mt[1;32m[0m [1;32m[0mr[1;32m[0mo[1;32m[0mo[1;32m[0mt[1;32m[0m [1;32m[0m1[1;32m[0m4[1;32m[0m7[1;32m[0m8[1;32m[0m [1;32m[0mM[1;32m[0ma[1;32m[0my[1;32m[0m [1;32m[0m2[1;32m[0m5[1;32m[0m [1;32m[0m [1;32m[0m2[1;32m[0m0[1;32m[0m2[1;32m[0m3[1;32m[0m [1;32mapt-compat[0m
[1;32m[0m-[1;32m[0mr[1;32m[0mw[1;32m[0mx[1;32m[0mr[1;32m[0m-[1;32m[0mx[1;32m[0mr[1;32m[0m-[1;32m[0mx[1;32m[0m [1;32m[0m1[1;32m[0m [1;32m[0mr[1;32m[0mo[1;32m[0mo[1;32m[0mt[1;32m[0m [1;32m[0mr[1;32m[0mo[1;32m[0mo[1;32m[0mt[1;32m[0m [1;32m[0m [1;32m[0m1[1;32m[0m2[1;32m[0m3[1;32m[0m [1;32m[0mM[1;32m[0ma[1;32m[0mr[1;32m[0m [1;32m[0m2[1;32m[0m7[1;32m[0m [1;32m[0m [1;32m[0m2[1;32m[0m0[1;32m[0m2[1;32m[0m3[1;32m[0m [1;32mdpkg[0m

[1;34mâ•”â•â•â•â•â•â•â•â•â•â•â•£ [1;32mSystem timers
[0m[1;34mâ•š [1;34m[3mhttps://book.hacktricks.wiki/en/linux-hardening/privilege-escalation/index.html#timers
[0m
[1;34mâ•”â•â•â•â•â•â•â•â•â•â•â•£ [1;32mAnalyzing .timer files
[0m[1;34mâ•š [1;34m[3mhttps://book.hacktricks.wiki/en/linux-hardening/privilege-escalation/index.html#timers
[0m
[1;34mâ•”â•â•â•â•â•â•â•â•â•â•â•£ [1;32mAnalyzing .service files
[0m[1;34mâ•š [1;34m[3mhttps://book.hacktricks.wiki/en/linux-hardening/privilege-escalation/index.html#services
[0m/etc/systemd/system/multi-user.target.wants/e2scrub_reap.service is calling this [1;31;103mwritable executable: /sbin/e2scrub_all[0m
/usr/lib/systemd/system/apt-daily-upgrade.service is calling this [1;31;103mwritable executable: /usr/lib/apt/apt-helper[0m
/usr/lib/systemd/system/apt-daily.service is calling this [1;31;103mwritable executable: /usr/lib/apt/apt-helper[0m
/usr/lib/systemd/system/dpkg-db-backup.service is calling this [1;31;103mwritable executable: /usr/libexec/dpkg/dpkg-db-backup[0m
/usr/lib/systemd/system/e2scrub@.service is calling this [1;31;103mwritable executable: /sbin/e2scrub[0m
/usr/lib/systemd/system/e2scrub_all.service is calling this [1;31;103mwritable executable: /sbin/e2scrub_all[0m
/usr/lib/systemd/system/e2scrub_fail@.service is calling this [1;31;103mwritable executable: /usr/lib/x86_64-linux-gnu/e2fsprogs/e2scrub_fail[0m
/usr/lib/systemd/system/e2scrub_reap.service is calling this [1;31;103mwritable executable: /sbin/e2scrub_all[0m
/usr/lib/systemd/system/fstrim.service is calling this [1;31;103mwritable executable: /sbin/fstrim[0m
/usr/lib/systemd/system/pam_namespace.service is calling this [1;31;103mwritable executable: /sbin/pam_namespace_helper[0m
/usr/lib/systemd/user/dirmngr.service is calling this [1;31;103mwritable executable: /usr/bin/dirmngr[0m
/usr/lib/systemd/user/dirmngr.service is calling this [1;31;103mwritable executable: /usr/bin/gpgconf[0m
/usr/lib/systemd/user/gpg-agent.service is calling this [1;31;103mwritable executable: /usr/bin/gpg-agent[0m
/usr/lib/systemd/user/gpg-agent.service is calling this [1;31;103mwritable executable: /usr/bin/gpgconf[0m
/usr/lib/systemd/user/graphical-session-pre.target.wants/ssh-agent.service is calling this [1;31;103mwritable executable: /usr/lib/openssh/agent-launch[0m
/usr/lib/systemd/user/graphical-session-pre.target.wants/ssh-agent.service is calling this [1;31;103mwritable executable: /usr/lib/openssh/agent-launch[0m
/usr/lib/systemd/user/ssh-agent.service is calling this [1;31;103mwritable executable: /usr/lib/openssh/agent-launch[0m
/usr/lib/systemd/user/ssh-agent.service is calling this [1;31;103mwritable executable: /usr/lib/openssh/agent-launch[0m
/usr/share/doc/gnupg/examples/systemd-user/dirmngr.service is calling this [1;31;103mwritable executable: /usr/bin/dirmngr[0m
/usr/share/doc/gnupg/examples/systemd-user/dirmngr.service is calling this [1;31;103mwritable executable: /usr/bin/gpgconf[0m
/usr/share/doc/gnupg/examples/systemd-user/gpg-agent.service is calling this [1;31;103mwritable executable: /usr/bin/gpg-agent[0m
/usr/share/doc/gnupg/examples/systemd-user/gpg-agent.service is calling this [1;31;103mwritable executable: /usr/bin/gpgconf[0m
[1;32mYou can't write on systemd PATH[0m

[1;34mâ•”â•â•â•â•â•â•â•â•â•â•â•£ [1;32mD-Bus Service Objects list
[0m[1;34mâ•š [1;34m[3mhttps://book.hacktricks.wiki/en/linux-hardening/privilege-escalation/index.html#d-bus
[0m[1;90mbusctl Not Found
[0m[1;34mâ•”â•â•â•â•â•â•â•â•â•â•â•£ [1;32mD-Bus config files
[0m[1;34mâ•š [1;34m[3mhttps://book.hacktricks.wiki/en/linux-hardening/privilege-escalation/index.html#d-bus
[0m


[1;34m                              â•”â•â•â•â•â•â•â•â•â•â•â•â•â•â•â•â•â•â•â•â•â•â•—
â•â•â•â•â•â•â•â•â•â•â•â•â•â•â•â•â•â•â•â•â•â•â•â•â•â•â•â•â•â•â•£ [1;32mNetwork Information[1;34m â• â•â•â•â•â•â•â•â•â•â•â•â•â•â•â•â•â•â•â•â•â•â•â•â•â•â•â•â•â•â•
[1;34m                              â•šâ•â•â•â•â•â•â•â•â•â•â•â•â•â•â•â•â•â•â•â•â•â•[0m
[1;34mâ•”â•â•â•â•â•â•â•â•â•â•â•£ [1;32mInterfaces
[0mdefault		0.0.0.0
loopback	127.0.0.0
link-local	169.254.0.0

Inter-|   Receive                                                |  Transmit
 face |bytes    packets errs drop fifo frame compressed multicast|bytes    packets errs drop fifo colls carrier compressed
    lo:     974      10    0    0    0     0          0         0      974      10    0    0    0     0       0          0
  eth0:   20287     136    0    0    0     0          0         0     8631      72    0    0    0     0       0          0
Main:
  +-- 0.0.0.0/0 3 0 5
     |-- 0.0.0.0
        /0 universe UNICAST
     +-- 127.0.0.0/8 2 0 2
        +-- 127.0.0.0/31 1 0 0
           |-- 127.0.0.0
              /8 host LOCAL
           |-- 127.0.0.1
              /32 host LOCAL
        |-- 127.255.255.255
           /32 link BROADCAST
     +-- 172.18.0.0/16 2 0 2
        +-- 172.18.0.0/29 2 0 2
           |-- 172.18.0.0
              /16 link UNICAST
           |-- 172.18.0.4
              /32 host LOCAL
        |-- 172.18.255.255
           /32 link BROADCAST
Local:
  +-- 0.0.0.0/0 3 0 5
     |-- 0.0.0.0
        /0 universe UNICAST
     +-- 127.0.0.0/8 2 0 2
        +-- 127.0.0.0/31 1 0 0
           |-- 127.0.0.0
              /8 host LOCAL
           |-- 127.0.0.1
              /32 host LOCAL
        |-- 127.255.255.255
           /32 link BROADCAST
     +-- 172.18.0.0/16 2 0 2
        +-- 172.18.0.0/29 2 0 2
           |-- 172.18.0.0
              /16 link UNICAST
           |-- 172.18.0.4
              /32 host LOCAL
        |-- 172.18.255.255
           /32 link BROADCAST

[1;34mâ•”â•â•â•â•â•â•â•â•â•â•â•£ [1;32mHostname, hosts and DNS
[0m4c2566ca268e
127.0.0.1	localhost
::1	localhost ip6-localhost ip6-loopback
fe00::	ip6-localnet
ff00::	ip6-mcastprefix
ff02::1	ip6-allnodes
ff02::2	ip6-allrouters
172.18.0.4	4c2566ca268e

nameserver 127.0.0.11
options ndots:0


[1;34mâ•”â•â•â•â•â•â•â•â•â•â•â•£ [1;32mActive Ports
[0m[1;34mâ•š [1;34m[3mhttps://book.hacktricks.wiki/en/linux-hardening/privilege-escalation/index.html#open-ports
[0m
[1;34mâ•”â•â•â•â•â•â•â•â•â•â•â•£ [1;32mCan I sniff with tcpdump?
[0m[1;90mNo
[0m


[1;34m                               â•”â•â•â•â•â•â•â•â•â•â•â•â•â•â•â•â•â•â•â•â•—
â•â•â•â•â•â•â•â•â•â•â•â•â•â•â•â•â•â•â•â•â•â•â•â•â•â•â•â•â•â•â•â•£ [1;32mUsers Information[1;34m â• â•â•â•â•â•â•â•â•â•â•â•â•â•â•â•â•â•â•â•â•â•â•â•â•â•â•â•â•â•â•â•
[1;34m                               â•šâ•â•â•â•â•â•â•â•â•â•â•â•â•â•â•â•â•â•â•â•[0m
[1;34mâ•”â•â•â•â•â•â•â•â•â•â•â•£ [1;32mMy user
[0m[1;34mâ•š [1;34m[3mhttps://book.hacktricks.wiki/en/linux-hardening/privilege-escalation/index.html#users
[0muid=0[1;31m([1;95m[1;31mroot[0m[0m)[0m gid=0[1;31m([1;95mroot[0m)[0m groups=0[1;31m([1;95mroot[0m)[0m

[1;34mâ•”â•â•â•â•â•â•â•â•â•â•â•£ [1;32mDo I have PGP keys?
[0m/usr/bin/gpg
[1;90mnetpgpkeys Not Found
[0m[1;90mnetpgp Not Found
[0m
[1;34mâ•”â•â•â•â•â•â•â•â•â•â•â•£ [1;32mChecking 'sudo -l', /etc/sudoers, and /etc/sudoers.d
[0m[1;34mâ•š [1;34m[3mhttps://book.hacktricks.wiki/en/linux-hardening/privilege-escalation/index.html#sudo-and-suid
[0m

[1;34mâ•”â•â•â•â•â•â•â•â•â•â•â•£ [1;32mChecking sudo tokens
[0m[1;34mâ•š [1;34m[3mhttps://book.hacktricks.wiki/en/linux-hardening/privilege-escalation/index.html#reusing-sudo-tokens
[0mptrace protection [1;31mis disabled[0m (0), so sudo tokens could be abused

[1;34mâ•”â•â•â•â•â•â•â•â•â•â•â•£ [1;32mChecking Pkexec policy
[0m[1;34mâ•š [1;34m[3mhttps://book.hacktricks.wiki/en/linux-hardening/privilege-escalation/interesting-groups-linux-pe/index.html#pe---method-2
[0m
[1;34mâ•”â•â•â•â•â•â•â•â•â•â•â•£ [1;32mSuperusers
[0m[1;31;103m[1;31mroot[0m[0m:x:0:0:root:/root:/bin/bash

[1;34mâ•”â•â•â•â•â•â•â•â•â•â•â•£ [1;32mUsers with console
[0m[1;96mnode[0m:x:1000:1000::/home/node:/bin/bash
[1;95m[1;31mroot[0m[0m:x:0:0:root:/root:/bin/bash

[1;34mâ•”â•â•â•â•â•â•â•â•â•â•â•£ [1;32mAll users & groups
[0muid=0[1;31m([1;95m[1;31mroot[0m[0m)[0m gid=0[1;31m([1;95mroot[0m)[0m groups=0[1;31m([1;95mroot[0m)[0m
uid=1([1;34m[1;32mdaemon[0m[0m) gid=1([1;34m[1;32mdaemon[0m[0m) groups=1([1;34m[1;32mdaemon[0m[0m)
uid=10([1;34muucp[0m) gid=10([1;34muucp[0m) groups=10([1;34muucp[0m)
uid=1000([1;96mnode[0m) gid=1000([1;96mnode[0m) groups=1000([1;96mnode[0m)
uid=13([1;34mproxy[0m) gid=13([1;34mproxy[0m) groups=13([1;34mproxy[0m)
uid=2(bin) gid=2(bin) groups=2(bin)
uid=3([1;34msys[0m) gid=3([1;34msys[0m) groups=3([1;34msys[0m)
uid=33([1;34m[1;32mwww-data[0m[0m) gid=33([1;34m[1;32mwww-data[0m[0m) groups=33([1;34m[1;32mwww-data[0m[0m)
uid=34([1;34mbackup[0m) gid=34([1;34mbackup[0m) groups=34([1;34mbackup[0m)
uid=38([1;34mlist[0m) gid=38([1;34mlist[0m) groups=38([1;34mlist[0m)
uid=39([1;34mirc[0m) gid=39([1;34mirc[0m) groups=39([1;34mirc[0m)
uid=4([1;34msync[0m) gid=65534[1;32m(nogroup)[0m groups=65534[1;32m(nogroup)[0m
uid=42([1;34m_apt[0m) gid=65534[1;32m(nogroup)[0m groups=65534[1;32m(nogroup)[0m
uid=5([1;34mgames[0m) gid=60([1;34mgames[0m) groups=60([1;34mgames[0m)
uid=6([1;34mman[0m) gid=12([1;34mman[0m) groups=12([1;34mman[0m)
uid=65534([1;34mnobody[0m) gid=65534[1;32m(nogroup)[0m groups=65534[1;32m(nogroup)[0m
uid=7([1;34mlp[0m) gid=7([1;34mlp[0m) groups=7([1;34mlp[0m)
uid=8([1;34m[1;32mmail[0m[0m) gid=8([1;34m[1;32mmail[0m[0m) groups=8([1;34m[1;32mmail[0m[0m)
uid=9([1;34mnews[0m) gid=9([1;34mnews[0m) groups=9([1;34mnews[0m)

[1;34mâ•”â•â•â•â•â•â•â•â•â•â•â•£ [1;32mLogin now
[0m 23:05:19 up  2:42,  0 user,  load average: 0.18, 0.11, 0.09
USER     TTY      FROM             LOGIN@   IDLE   JCPU   PCPU WHAT

[1;34mâ•”â•â•â•â•â•â•â•â•â•â•â•£ [1;32mLast logons
[0m
wtmp begins Wed Feb 26 21:13:43 2025

[1;34mâ•”â•â•â•â•â•â•â•â•â•â•â•£ [1;32mLast time logon each user
[0mUsername         Port     From                                       Latest

[1;34mâ•”â•â•â•â•â•â•â•â•â•â•â•£ [1;32mDo not forget to test 'su' as any other user with shell: without password and with their names as password (I don't do it in FAST mode...)
[0m
[0m[1;34mâ•”â•â•â•â•â•â•â•â•â•â•â•£ [1;32mDo not forget to execute 'sudo -l' without password or with valid password (if you know it)!!
[0m
[0m

[1;34m                             â•”â•â•â•â•â•â•â•â•â•â•â•â•â•â•â•â•â•â•â•â•â•â•â•—
â•â•â•â•â•â•â•â•â•â•â•â•â•â•â•â•â•â•â•â•â•â•â•â•â•â•â•â•â•â•£ [1;32mSoftware Information[1;34m â• â•â•â•â•â•â•â•â•â•â•â•â•â•â•â•â•â•â•â•â•â•â•â•â•â•â•â•â•â•
[1;34m                             â•šâ•â•â•â•â•â•â•â•â•â•â•â•â•â•â•â•â•â•â•â•â•â•â•[0m
[1;34mâ•”â•â•â•â•â•â•â•â•â•â•â•£ [1;32mUseful software
[0m/usr/bin/base64
/usr/bin/curl
/usr/bin/g++
/usr/bin/gcc
/usr/bin/make
/usr/bin/perl
/usr/bin/python3
/usr/bin/wget

[1;34mâ•”â•â•â•â•â•â•â•â•â•â•â•£ [1;32mInstalled Compilers
[0mii  g++                                4:12.2.0-3                     amd64        GNU C++ compiler
ii  g++-12                             12.2.0-14                      amd64        GNU C++ compiler
ii  gcc                                4:12.2.0-3                     amd64        GNU C compiler
ii  gcc-12                             12.2.0-14                      amd64        GNU C compiler
ii  rpcsvc-proto                       1.4.3-1                        amd64        RPC protocol compiler and definitions
/usr/bin/gcc

[1;34mâ•”â•â•â•â•â•â•â•â•â•â•â•£ [1;32mAnalyzing MariaDB Files (limit 70)
[0m-rw-r--r-- 1 root root 1126 Nov 30  2023 /etc/mysql/[1;31mmariadb.cnf[0m
[client-server]
socket = /run/mysqld/mysqld.sock
!includedir /etc/mysql/conf.d/
!includedir /etc/mysql/mariadb.conf.d/


[1;34mâ•”â•â•â•â•â•â•â•â•â•â•â•£ [1;32mAnalyzing PAM Auth Files (limit 70)
[0mdrwxr-xr-x 2 root root 4096 Feb 24 00:00 /etc/[1;31mpam.d[0m


[1;34mâ•”â•â•â•â•â•â•â•â•â•â•â•£ [1;32mAnalyzing Keyring Files (limit 70)
[0mdrwxr-xr-x 2 root root 4096 May 25  2023 /etc/apt/[1;31mkeyrings[0m
drwxr-xr-x 2 root root 4096 Feb 24 00:00 /usr/share/[1;31mkeyrings[0m




[1;34mâ•”â•â•â•â•â•â•â•â•â•â•â•£ [1;32mAnalyzing Other Interesting Files (limit 70)
[0m-rw-r--r-- 1 root root 3526 Mar 29  2024 /etc/skel/[1;31m.bashrc[0m
-rw-r--r-- 1 node node 3526 Mar 29  2024 /home/node/[1;31m.bashrc[0m
-rw-r--r-- 1 root root 571 Apr 10  2021 /root/[1;31m.bashrc[0m





-rw-r--r-- 1 root root 807 Mar 29  2024 /etc/skel/[1;31m.profile[0m
-rw-r--r-- 1 node node 807 Mar 29  2024 /home/node/[1;31m.profile[0m
-rw-r--r-- 1 root root 161 Jul  9  2019 /root/[1;31m.profile[0m




[1;34mâ•”â•â•â•â•â•â•â•â•â•â•â•£ [1;32mAnalyzing Windows Files (limit 70)
[0m





















lrwxrwxrwx 1 root root 22 Feb 25 04:16 /etc/alternatives/my.cnf -> /etc/mysql/mariadb.cnf
lrwxrwxrwx 1 root root 24 Oct 20  2020 /etc/mysql/my.cnf -> /etc/alternatives/[1;31mmy.cnf[0m
-rw-r--r-- 1 root root 83 Feb 25 04:16 /var/lib/dpkg/alternatives/[1;31mmy.cnf[0m






























[1;34mâ•”â•â•â•â•â•â•â•â•â•â•â•£ [1;32mSearching mysql credentials and exec
[0mFound readable /etc/mysql/my.cnf
[client-server]
socket = /run/mysqld/mysqld.sock
!includedir /etc/mysql/conf.d/
!includedir /etc/mysql/mariadb.conf.d/

[1;34mâ•”â•â•â•â•â•â•â•â•â•â•â•£ [1;32mAnalyzing PGP-GPG Files (limit 70)
[0m/usr/bin/gpg
[1;90mnetpgpkeys Not Found
[0m[1;90mnetpgp Not Found
[0m
-rw-r--r-- 1 root root 3902 Mar 26  2023 /usr/share/gnupg/distsigkey[1;31m.gpg[0m
-rw-r--r-- 1 root root 8700 Jul 30  2023 /usr/share/keyrings/debian-archive-bookworm-automatic[1;31m.gpg[0m
-rw-r--r-- 1 root root 8709 Jul 30  2023 /usr/share/keyrings/debian-archive-bookworm-security-automatic[1;31m.gpg[0m
-rw-r--r-- 1 root root 280 Jul 30  2023 /usr/share/keyrings/debian-archive-bookworm-stable[1;31m.gpg[0m
-rw-r--r-- 1 root root 8700 Jul 30  2023 /usr/share/keyrings/debian-archive-bullseye-automatic[1;31m.gpg[0m
-rw-r--r-- 1 root root 8709 Jul 30  2023 /usr/share/keyrings/debian-archive-bullseye-security-automatic[1;31m.gpg[0m
-rw-r--r-- 1 root root 2453 Jul 30  2023 /usr/share/keyrings/debian-archive-bullseye-stable[1;31m.gpg[0m
-rw-r--r-- 1 root root 8132 Jul 30  2023 /usr/share/keyrings/debian-archive-buster-automatic[1;31m.gpg[0m
-rw-r--r-- 1 root root 8141 Jul 30  2023 /usr/share/keyrings/debian-archive-buster-security-automatic[1;31m.gpg[0m
-rw-r--r-- 1 root root 2332 Jul 30  2023 /usr/share/keyrings/debian-archive-buster-stable[1;31m.gpg[0m
-rw-r--r-- 1 root root 56156 Jul 30  2023 /usr/share/keyrings/debian-archive-keyring[1;31m.gpg[0m
-rw-r--r-- 1 root root 54031 Jul 30  2023 /usr/share/keyrings/debian-archive-removed-keys[1;31m.gpg[0m


[1;34mâ•”â•â•â•â•â•â•â•â•â•â•â•£ [1;32mSearching uncommon passwd files (splunk)
[0mpasswd file: [1;31m/etc/pam.d/passwd[0m
passwd file: [1;31m/etc/passwd[0m
passwd file: [1;31m/usr/share/lintian/overrides/passwd[0m

[1;34mâ•”â•â•â•â•â•â•â•â•â•â•â•£ [1;32mSearching ssl/ssh files
[0m
[1;34mâ•â•â•£ [1;32mPossible [1;31mprivate SSH keys[0m were found!
[0m[1;31m/etc/ImageMagick-6/mime.xml[0m

[1;34mâ•â•â•£ [1;32mSome certificates were found (out limited):
[0m/etc/ssl/certs/ACCVRAIZ1.pem
/etc/ssl/certs/AC_RAIZ_FNMT-RCM.pem
/etc/ssl/certs/AC_RAIZ_FNMT-RCM_SERVIDORES_SEGUROS.pem
/etc/ssl/certs/ANF_Secure_Server_Root_CA.pem
/etc/ssl/certs/Actalis_Authentication_Root_CA.pem
/etc/ssl/certs/AffirmTrust_Commercial.pem
/etc/ssl/certs/AffirmTrust_Networking.pem
/etc/ssl/certs/AffirmTrust_Premium.pem
/etc/ssl/certs/AffirmTrust_Premium_ECC.pem
/etc/ssl/certs/Amazon_Root_CA_1.pem
/etc/ssl/certs/Amazon_Root_CA_2.pem
/etc/ssl/certs/Amazon_Root_CA_3.pem
/etc/ssl/certs/Amazon_Root_CA_4.pem
/etc/ssl/certs/Atos_TrustedRoot_2011.pem
/etc/ssl/certs/Autoridad_de_Certificacion_Firmaprofesional_CIF_A62634068.pem
/etc/ssl/certs/Autoridad_de_Certificacion_Firmaprofesional_CIF_A62634068_2.pem
/etc/ssl/certs/Baltimore_CyberTrust_Root.pem
/etc/ssl/certs/Buypass_Class_2_Root_CA.pem
/etc/ssl/certs/Buypass_Class_3_Root_CA.pem
/etc/ssl/certs/CA_Disig_Root_R2.pem
42PSTORAGE_CERTSBIN

[1;34mâ•â•â•£ [1;32mWritable ssh and gpg agents
[0m/etc/systemd/user/sockets.target.wants/gpg-agent.socket
/etc/systemd/user/sockets.target.wants/gpg-agent-ssh.socket
/etc/systemd/user/sockets.target.wants/gpg-agent-browser.socket
/etc/systemd/user/sockets.target.wants/gpg-agent-extra.socket
/etc/X11/Xsession.d/90gpg-agent
/etc/logcheck/ignore.d.server/gpg-agent

Searching inside /etc/ssh/ssh_config for interesting info
Include /etc/ssh/ssh_config.d/*.conf
[1;31mHost[0m *
    SendEnv LANG LC_*
    HashKnown[1;31mHost[0ms yes
    GSSAPIAuthentication yes




[1;34m                      â•”â•â•â•â•â•â•â•â•â•â•â•â•â•â•â•â•â•â•â•â•â•â•â•â•â•â•â•â•â•â•â•â•â•â•â•â•â•—
â•â•â•â•â•â•â•â•â•â•â•â•â•â•â•â•â•â•â•â•â•â•â•£ [1;32mFiles with Interesting Permissions[1;34m â• â•â•â•â•â•â•â•â•â•â•â•â•â•â•â•â•â•â•â•â•â•â•
[1;34m                      â•šâ•â•â•â•â•â•â•â•â•â•â•â•â•â•â•â•â•â•â•â•â•â•â•â•â•â•â•â•â•â•â•â•â•â•â•â•â•[0m
[1;34mâ•”â•â•â•â•â•â•â•â•â•â•â•£ [1;32mSUID - Check easy privesc, exploits and write perms
[0m[1;34mâ•š [1;34m[3mhttps://book.hacktricks.wiki/en/linux-hardening/privilege-escalation/index.html#sudo-and-suid
[0m[1;90mstrace Not Found
[0m-rwsr-xr-x 1 root root 62K Mar 23  2023 /usr/bin[1;31m/chfn  --->  SuSE_9.3/10[0m
-rwsr-xr-x 1 root root 52K Mar 23  2023 /usr/bin[1;32m/chsh[0m
-rwsr-xr-x 1 root root 67K Mar 23  2023 /usr/bin[1;31m/passwd  --->  Apple_Mac_OSX(03-2006)/Solaris_8/9(12-2004)/SPARC_8/9/Sun_Solaris_2.3_to_2.5.1(02-1997)[0m
-rwsr-xr-x 1 root root 71K Nov 21 20:01 /usr/bin[1;32m/su[0m
-rwsr-xr-x 1 root root 59K Nov 21 20:01 /usr/bin[1;31m/mount  --->  Apple_Mac_OSX(Lion)_Kernel_xnu-1699.32.7_except_xnu-1699.24.8[0m
-rwsr-xr-x 1 root root 87K Mar 23  2023 /usr/bin[1;32m/gpasswd[0m
-rwsr-xr-x 1 root root 48K Mar 23  2023 /usr/bin[1;31m/newgrp  --->  HP-UX_10.20[0m
-rwsr-xr-x 1 root root 35K Nov 21 20:01 /usr/bin[1;31m/umount  --->  BSD/Linux(08-1996)[0m
-rwsr-xr-x 1 root root 639K Feb 14 13:06 /usr/lib/openssh[1;32m/ssh-keysign[0m

[1;34mâ•”â•â•â•â•â•â•â•â•â•â•â•£ [1;32mSGID
[0m[1;34mâ•š [1;34m[3mhttps://book.hacktricks.wiki/en/linux-hardening/privilege-escalation/index.html#sudo-and-suid
[0m-rwxr-sr-x 1 root shadow 31K Mar 23  2023 /usr/bin[1;32m/expiry[0m
-rwxr-sr-x 1 root shadow 79K Mar 23  2023 /usr/bin[1;32m/chage[0m
-rwxr-sr-x 1 root _ssh 475K Feb 14 13:06 /usr/bin[1;32m/ssh-agent[0m
-rwxr-sr-x 1 root shadow 39K Sep 21  2023 /usr/sbin[1;32m/unix_chkpwd[0m

[1;34mâ•”â•â•â•â•â•â•â•â•â•â•â•£ [1;32mFiles with ACLs (limited to 50)
[0m[1;34mâ•š [1;34m[3mhttps://book.hacktricks.wiki/en/linux-hardening/privilege-escalation/index.html#acls
[0m[1;90mfiles with acls in searched folders Not Found
[0m
[1;34mâ•”â•â•â•â•â•â•â•â•â•â•â•£ [1;32mCapabilities
[0m[1;34mâ•š [1;34m[3mhttps://book.hacktricks.wiki/en/linux-hardening/privilege-escalation/index.html#capabilities
[0m[1;34mâ•â•â•£ [1;32mCurrent shell capabilities
[0m[1;32mCapInh:	0000000000000000[0m
CapPrm:	00000000a80425fb
CapEff:	00000000a80425fb
CapBnd:	00000000a80425fb
[1;32mCapAmb:	0000000000000000[0m

[1;34mâ•â•â•£ [1;32mParent proc capabilities
[0m

Files with capabilities (limited to 50):

[1;34mâ•”â•â•â•â•â•â•â•â•â•â•â•£ [1;32mFiles (scripts) in /etc/profile.d/
[0m[1;34mâ•š [1;34m[3mhttps://book.hacktricks.wiki/en/linux-hardening/privilege-escalation/index.html#profiles-files
[0m
[1;34mâ•”â•â•â•â•â•â•â•â•â•â•â•£ [1;32mPermissions in init, init.d, systemd, and rc.d
[0m[1;34mâ•š [1;34m[3mhttps://book.hacktricks.wiki/en/linux-hardening/privilege-escalation/index.html#init-initd-systemd-and-rcd
[0m
[1;34mâ•â•£ [1;32mHashes inside passwd file? ........... [0m[1;90mNo
[0m[1;34mâ•â•£ [1;32mWritable passwd file? ................ [0m[1;31;103m/etc/passwd is writable[0m
[1;34mâ•â•£ [1;32mCredentials in fstab/mtab? ........... [0m[1;90mNo
[0m[1;34mâ•â•£ [1;32mCan I read shadow files? ............. [0m[1;31mroot:*:20143:0:99999:7:::[0m
[1;31mdaemon:*:20143:0:99999:7:::[0m
[1;31mbin:*:20143:0:99999:7:::[0m
[1;31msys:*:20143:0:99999:7:::[0m
[1;31msync:*:20143:0:99999:7:::[0m
[1;31mgames:*:20143:0:99999:7:::[0m
[1;31mman:*:20143:0:99999:7:::[0m
[1;31mlp:*:20143:0:99999:7:::[0m
[1;31mmail:*:20143:0:99999:7:::[0m
[1;31mnews:*:20143:0:99999:7:::[0m
[1;31muucp:*:20143:0:99999:7:::[0m
[1;31mproxy:*:20143:0:99999:7:::[0m
[1;31mwww-data:*:20143:0:99999:7:::[0m
[1;31mbackup:*:20143:0:99999:7:::[0m
[1;31mlist:*:20143:0:99999:7:::[0m
[1;31mirc:*:20143:0:99999:7:::[0m
[1;31m_apt:*:20143:0:99999:7:::[0m
[1;31mnobody:*:20143:0:99999:7:::[0m
[1;31mnode:!:20144:0:99999:7:::[0m
[1;31mroot:*:20143:0:99999:7:::[0m
[1;31mdaemon:*:20143:0:99999:7:::[0m
[1;31mbin:*:20143:0:99999:7:::[0m
[1;31msys:*:20143:0:99999:7:::[0m
[1;31msync:*:20143:0:99999:7:::[0m
[1;31mgames:*:20143:0:99999:7:::[0m
[1;31mman:*:20143:0:99999:7:::[0m
[1;31mlp:*:20143:0:99999:7:::[0m
[1;31mmail:*:20143:0:99999:7:::[0m
[1;31mnews:*:20143:0:99999:7:::[0m
[1;31muucp:*:20143:0:99999:7:::[0m
[1;31mproxy:*:20143:0:99999:7:::[0m
[1;31mwww-data:*:20143:0:99999:7:::[0m
[1;31mbackup:*:20143:0:99999:7:::[0m
[1;31mlist:*:20143:0:99999:7:::[0m
[1;31mirc:*:20143:0:99999:7:::[0m
[1;31m_apt:*:20143:0:99999:7:::[0m
[1;31mnobody:*:20143:0:99999:7:::[0m
[1;31mroot:*::[0m
[1;31mdaemon:*::[0m
[1;31mbin:*::[0m
[1;31msys:*::[0m
[1;31madm:*::[0m
[1;31mtty:*::[0m
[1;31mdisk:*::[0m
[1;31mlp:*::[0m
[1;31mmail:*::[0m
[1;31mnews:*::[0m
[1;31muucp:*::[0m
[1;31mman:*::[0m
[1;31mproxy:*::[0m
[1;31mkmem:*::[0m
[1;31mdialout:*::[0m
[1;31mfax:*::[0m
[1;31mvoice:*::[0m
[1;31mcdrom:*::[0m
[1;31mfloppy:*::[0m
[1;31mtape:*::[0m
[1;31msudo:*::[0m
[1;31maudio:*::[0m
[1;31mdip:*::[0m
[1;31mwww-data:*::[0m
[1;31mbackup:*::[0m
[1;31moperator:*::[0m
[1;31mlist:*::[0m
[1;31mirc:*::[0m
[1;31msrc:*::[0m
[1;31mshadow:*::[0m
[1;31mutmp:*::[0m
[1;31mvideo:*::[0m
[1;31msasl:*::[0m
[1;31mplugdev:*::[0m
[1;31mstaff:*::[0m
[1;31mgames:*::[0m
[1;31musers:*::[0m
[1;31mnogroup:*::[0m
[1;31m_ssh:!::[0m
[1;31mnode:!::[0m
[1;31mroot:*::[0m
[1;31mdaemon:*::[0m
[1;31mbin:*::[0m
[1;31msys:*::[0m
[1;31madm:*::[0m
[1;31mtty:*::[0m
[1;31mdisk:*::[0m
[1;31mlp:*::[0m
[1;31mmail:*::[0m
[1;31mnews:*::[0m
[1;31muucp:*::[0m
[1;31mman:*::[0m
[1;31mproxy:*::[0m
[1;31mkmem:*::[0m
[1;31mdialout:*::[0m
[1;31mfax:*::[0m
[1;31mvoice:*::[0m
[1;31mcdrom:*::[0m
[1;31mfloppy:*::[0m
[1;31mtape:*::[0m
[1;31msudo:*::[0m
[1;31maudio:*::[0m
[1;31mdip:*::[0m
[1;31mwww-data:*::[0m
[1;31mbackup:*::[0m
[1;31moperator:*::[0m
[1;31mlist:*::[0m
[1;31mirc:*::[0m
[1;31msrc:*::[0m
[1;31mshadow:*::[0m
[1;31mutmp:*::[0m
[1;31mvideo:*::[0m
[1;31msasl:*::[0m
[1;31mplugdev:*::[0m
[1;31mstaff:*::[0m
[1;31mgames:*::[0m
[1;31musers:*::[0m
[1;31mnogroup:*::[0m
[1;31m_ssh:!::[0m
[1;34mâ•â•£ [1;32mCan I read shadow plists? ............ [0m[1;90mNo
[0m[1;34mâ•â•£ [1;32mCan I write shadow plists? ........... [0m[1;90mNo
[0m[1;34mâ•â•£ [1;32mCan I read opasswd file? ............. [0m[1;34mâ•â•£ [1;32mCan I write in network-scripts? ...... [0m[1;90mNo
[0m[1;34mâ•â•£ [1;32mCan I read root folder? .............. [0mtotal 24
drwx------ 1 root root 4096 Mar  9 23:05 .
drwxr-xr-x 1 root root 4096 Mar  9 23:05 ..
-rw-r--r-- 1 root root  571 Apr 10  2021 .bashrc
drwx------ 3 root root 4096 Mar  9 23:05 .gnupg
drwxr-xr-x 4 root root 4096 Mar  5 13:17 .npm
-rw-r--r-- 1 root root  161 Jul  9  2019 .profile

[1;34mâ•”â•â•â•â•â•â•â•â•â•â•â•£ [1;32mSearching root files in home dirs (limit 30)
[0m/home/
/[1;31mroot[0m/
/[1;31mroot[0m/.bashrc
/[1;31mroot[0m/.profile
/[1;31mroot[0m/.gnupg
/[1;31mroot[0m/.gnupg/S.gpg-agent.browser
/[1;31mroot[0m/.gnupg/pubring.kbx
/[1;31mroot[0m/.gnupg/private-keys-v1.d
/[1;31mroot[0m/.gnupg/S.gpg-agent.extra
/[1;31mroot[0m/.gnupg/trustdb.gpg
/[1;31mroot[0m/.gnupg/S.gpg-agent
/[1;31mroot[0m/.gnupg/S.gpg-agent.ssh
/[1;31mroot[0m/.npm
/[1;31mroot[0m/.npm/_logs
/[1;31mroot[0m/.npm/_logs/2025-03-05T13_17_34_284Z-debug-0.log
/[1;31mroot[0m/.npm/_update-notifier-last-checked
/[1;31mroot[0m/.npm/_cacache
/[1;31mroot[0m/.npm/_cacache/tmp
/[1;31mroot[0m/.npm/_cacache/index-v5
/[1;31mroot[0m/.npm/_cacache/index-v5/28
/[1;31mroot[0m/.npm/_cacache/index-v5/28/36
/[1;31mroot[0m/.npm/_cacache/index-v5/28/36/cf23cb4e773a1cbd5c48f92e97e14a0628a197440609ae0c7a0beeda2711
/[1;31mroot[0m/.npm/_cacache/index-v5/25
/[1;31mroot[0m/.npm/_cacache/index-v5/25/98
/[1;31mroot[0m/.npm/_cacache/index-v5/25/98/f306f68eac58ac50c3a0a0453cb8f29d78b9505c01947c965b4768a4e60d
/[1;31mroot[0m/.npm/_cacache/index-v5/25/7f
/[1;31mroot[0m/.npm/_cacache/index-v5/25/7f/0b973fb10d0d62b5962532a6e5691f81dd1c20b63fcce513967941450a82
/[1;31mroot[0m/.npm/_cacache/index-v5/6c
/[1;31mroot[0m/.npm/_cacache/index-v5/6c/6f
/[1;31mroot[0m/.npm/_cacache/index-v5/6c/6f/8e7e8934679b7b49b8240b1f2dcb66c25a5bd17f9629f8fe0ea634cab93c



[1;34m                            â•”â•â•â•â•â•â•â•â•â•â•â•â•â•â•â•â•â•â•â•â•â•â•â•â•â•â•—
â•â•â•â•â•â•â•â•â•â•â•â•â•â•â•â•â•â•â•â•â•â•â•â•â•â•â•â•â•£ [1;32mOther Interesting Files[1;34m â• â•â•â•â•â•â•â•â•â•â•â•â•â•â•â•â•â•â•â•â•â•â•â•â•â•â•â•â•
[1;34m                            â•šâ•â•â•â•â•â•â•â•â•â•â•â•â•â•â•â•â•â•â•â•â•â•â•â•â•â•[0m
[1;34mâ•”â•â•â•â•â•â•â•â•â•â•â•£ [1;32m.sh files in path
[0m[1;34mâ•š [1;34m[3mhttps://book.hacktricks.wiki/en/linux-hardening/privilege-escalation/index.html#scriptbinaries-in-path
[0m[1;31m/usr/local/bin[0m/docker-entrypoint.sh

[1;34mâ•”â•â•â•â•â•â•â•â•â•â•â•£ [1;32mExecutable files potentially added by user (limit 70)
[0m2025-03-09+22:51:58.2358899180 /.dockerenv

[1;34mâ•”â•â•â•â•â•â•â•â•â•â•â•£ [1;32mUnexpected in /opt (usually empty)
[0mtotal 12
drwxr-xr-x 1 root root 4096 Feb 25 05:10 .
drwxr-xr-x 1 root root 4096 Mar  9 23:05 ..
drwxr-xr-x 4 root root 4096 Feb 25 05:10 yarn-v1.22.22

[1;34mâ•”â•â•â•â•â•â•â•â•â•â•â•£ [1;32mUnexpected in root
[0m[1;31m/.dockerenv[0m
[1;31m/app[0m

[1;34mâ•”â•â•â•â•â•â•â•â•â•â•â•£ [1;32mModified interesting files in the last 5mins (limit 100)
[0m[1;31m/root[0m/.gnupg/pubring.kbx
[1;31m/root[0m/.gnupg/trustdb.gpg


[1;34mâ•”â•â•â•â•â•â•â•â•â•â•â•£ [1;32mFiles inside /root (limit 20)
[0mtotal 24
drwx------ 1 root root 4096 Mar  9 23:05 .
drwxr-xr-x 1 root root 4096 Mar  9 23:05 ..
-rw-r--r-- 1 root root  571 Apr 10  2021 .bashrc
drwx------ 3 root root 4096 Mar  9 23:05 .gnupg
drwxr-xr-x 4 root root 4096 Mar  5 13:17 .npm
-rw-r--r-- 1 root root  161 Jul  9  2019 .profile

[1;34mâ•”â•â•â•â•â•â•â•â•â•â•â•£ [1;32mFiles inside others home (limit 20)
[0m/home/node/.bashrc
/home/node/.bash_logout
/home/node/.profile

[1;34mâ•”â•â•â•â•â•â•â•â•â•â•â•£ [1;32mSearching installed mail applications
[0m
[1;34mâ•”â•â•â•â•â•â•â•â•â•â•â•£ [1;32mMails (limit 50)
[0m
[1;34mâ•”â•â•â•â•â•â•â•â•â•â•â•£ [1;32mBackup folders
[0mdrwxr-xr-x 2 root root 4096 Dec 31 10:25 /var/[1;31mbackups[0m
total 0


[1;34mâ•”â•â•â•â•â•â•â•â•â•â•â•£ [1;32mBackup files (limited 100)
[0m-rw-r--r-- 1 root root 0 Feb 24 00:00 /var/lib/systemd/deb-systemd-helper-enabled/timers.target.wants/dpkg-db-[1;31mbackup[0m.timer
-rw-r--r-- 1 root root 61 Feb 24 00:00 /var/lib/systemd/deb-systemd-helper-enabled/dpkg-db-[1;31mbackup[0m.timer.dsh-also
-rwxr-xr-x 1 root root 2569 May 11  2023 /usr/libexec/dpkg/dpkg-db-[1;31mbackup[0m
-rw-r--r-- 1 root root 194817 Oct  9  2020 /usr/share/doc/x11-common/changelog.Debian[1;31m.old[0m.gz
-rw-r--r-- 1 root root 138 Mar 27  2023 /usr/lib/systemd/system/dpkg-db-[1;31mbackup[0m.timer
-rw-r--r-- 1 root root 147 Mar 27  2023 /usr/lib/systemd/system/dpkg-db-[1;31mbackup[0m.service


[1;34mâ•”â•â•â•â•â•â•â•â•â•â•â•£ [1;32mWeb files?(output limit)
[0m
[1;34mâ•”â•â•â•â•â•â•â•â•â•â•â•£ [1;32mAll relevant hidden files (not in /sys/ or the ones listed in the previous check) (limit 70)
[0m-rw-r--r-- 1 node node 220 Mar 29  2024 /home/node/.bash_logout
-rw-r--r-- 1 root root 220 Mar 29  2024 /etc/skel/.bash_logout
-rw------- 1 root root 0 Feb 24 00:00 /etc/.pwd.lock
-rw-r--r-- 1 root root 0 Oct 11  2022 /usr/local/lib/node_modules/npm/.npmrc
-rw-r--r-- 1 root root 22 Feb 20 00:00 /usr/local/lib/node_modules/npm/node_modules/node-gyp/.release-please-manifest.json
-rw-r--r-- 1 node node 43 Mar  5 13:08 /app/node_modules/es-errors/.eslintrc
-rw-r--r-- 1 node node 203 Mar  5 13:08 /app/node_modules/side-channel/.eslintrc
-rw-r--r-- 1 node node 145 Mar  5 13:08 /app/node_modules/side-channel/.editorconfig
-rw-r--r-- 1 node node 216 Mar  5 13:08 /app/node_modules/side-channel/.nycrc
-rw-r--r-- 1 node node 185 Mar  5 13:08 /app/node_modules/side-channel-map/.eslintrc
-rw-r--r-- 1 node node 145 Mar  5 13:08 /app/node_modules/side-channel-map/.editorconfig
-rw-r--r-- 1 node node 216 Mar  5 13:08 /app/node_modules/side-channel-map/.nycrc
-rw-r--r-- 1 node node 229 Mar  5 13:08 /app/node_modules/es-object-atoms/.eslintrc
-rw-r--r-- 1 node node 164 Mar  5 13:08 /app/node_modules/has-symbols/.eslintrc
-rw-r--r-- 1 node node 139 Mar  5 13:08 /app/node_modules/has-symbols/.nycrc
-rw-r--r-- 1 node node 144 Mar  5 13:08 /app/node_modules/es-define-property/.eslintrc
-rw-r--r-- 1 node node 139 Mar  5 13:08 /app/node_modules/es-define-property/.nycrc
-rw-r--r-- 1 node node 203 Mar  5 13:08 /app/node_modules/side-channel-weakmap/.eslintrc
-rw-r--r-- 1 node node 145 Mar  5 13:08 /app/node_modules/side-channel-weakmap/.editorconfig
-rw-r--r-- 1 node node 216 Mar  5 13:08 /app/node_modules/side-channel-weakmap/.nycrc
-rw-r--r-- 1 node node 104 Mar  5 13:08 /app/node_modules/get-proto/.eslintrc
-rw-r--r-- 1 node node 139 Mar  5 13:08 /app/node_modules/get-proto/.nycrc
-rw-r--r-- 1 node node 229 Mar  5 13:08 /app/node_modules/math-intrinsics/.eslintrc
-rw-r--r-- 1 node node 138 Mar  5 13:08 /app/node_modules/call-bound/.eslintrc
-rw-r--r-- 1 node node 139 Mar  5 13:08 /app/node_modules/call-bound/.nycrc
-rw-r--r-- 1 node node 284 Mar  5 13:08 /app/node_modules/bcrypt/.editorconfig
-rw-r--r-- 1 node node 1298 Mar  5 13:08 /app/node_modules/object-inspect/.eslintrc
-rw-r--r-- 1 node node 236 Mar  5 13:08 /app/node_modules/object-inspect/.nycrc
-rw-r--r-- 1 node node 232 Mar  5 13:08 /app/node_modules/call-bind-apply-helpers/.eslintrc
-rw-r--r-- 1 node node 139 Mar  5 13:08 /app/node_modules/call-bind-apply-helpers/.nycrc
-rw-r--r-- 1 node node 1026 Mar  5 13:08 /app/node_modules/qs/.eslintrc
-rw-r--r-- 1 node node 597 Mar  5 13:08 /app/node_modules/qs/.editorconfig
-rw-r--r-- 1 node node 216 Mar  5 13:08 /app/node_modules/qs/.nycrc
-rw-r--r-- 1 node node 185 Mar  5 13:08 /app/node_modules/side-channel-list/.eslintrc
-rw-r--r-- 1 node node 145 Mar  5 13:08 /app/node_modules/side-channel-list/.editorconfig
-rw-r--r-- 1 node node 216 Mar  5 13:08 /app/node_modules/side-channel-list/.nycrc
-rw-r--r-- 1 node node 647 Mar  5 13:08 /app/node_modules/get-intrinsic/.eslintrc
-rw-r--r-- 1 node node 139 Mar  5 13:08 /app/node_modules/get-intrinsic/.nycrc
-rw-r--r-- 1 node node 60896 Mar  5 13:08 /app/node_modules/.package-lock.json
-rw-r--r-- 1 node node 43 Mar  5 13:08 /app/node_modules/hasown/.eslintrc
-rw-r--r-- 1 node node 216 Mar  5 13:08 /app/node_modules/hasown/.nycrc
-rw-r--r-- 1 node node 278 Mar  5 13:08 /app/node_modules/seq-queue/.jshintrc
-rw-r--r-- 1 node node 46 Mar  5 13:08 /app/node_modules/debug/.coveralls.yml
-rw-r--r-- 1 node node 180 Mar  5 13:08 /app/node_modules/debug/.eslintrc
-rw-r--r-- 1 node node 224 Mar  5 13:08 /app/node_modules/gopd/.eslintrc
-rw-r--r-- 1 node node 253 Mar  5 13:08 /app/node_modules/function-bind/.eslintrc
-rw-r--r-- 1 node node 176 Mar  5 13:08 /app/node_modules/function-bind/test/.eslintrc
-rw-r--r-- 1 node node 216 Mar  5 13:08 /app/node_modules/function-bind/.nycrc

[1;34mâ•”â•â•â•â•â•â•â•â•â•â•â•£ [1;32mReadable files inside /tmp, /var/tmp, /private/tmp, /private/var/at/tmp, /private/var/tmp, and backup folders (limit 70)
[0m-rwxr-xr-x 1 node node 16413698 Feb 16 16:51 /tmp/linpeas_fat.sh

[1;34mâ•”â•â•â•â•â•â•â•â•â•â•â•£ [1;32mSearching *password* or *credential* files in home (limit 70)
[0m/etc/pam.d/common-[1;31mpassword[0m
/usr/include/glib-2.0/gio/g[1;31mcredential[0ms.h
/usr/include/glib-2.0/gio/gtls[1;31mpassword[0m.h
/usr/include/glib-2.0/gio/gunix[1;31mcredential[0msmessage.h
/usr/lib/git-core/git-[1;31mcredential[0m
/usr/lib/git-core/git-[1;31mcredential[0m-cache
/usr/lib/git-core/git-[1;31mcredential[0m-cache--daemon
/usr/lib/git-core/git-[1;31mcredential[0m-store
  #)[3mThere are more creds/passwds files in the previous parent folder[0m

/usr/lib/x86_64-linux-gnu/libmariadb3/plugin/mysql_clear_[1;31mpassword[0m.so
/usr/lib/x86_64-linux-gnu/libmariadb3/plugin/sha256_[1;31mpassword[0m.so
/usr/share/doc/git/contrib/[1;31mcredential[0m
/usr/share/doc/git/contrib/[1;31mcredential[0m/gnome-keyring/git-credential-gnome-keyring.c
/usr/share/doc/git/contrib/[1;31mcredential[0m/libsecret/git-credential-libsecret.c
/usr/share/doc/git/contrib/[1;31mcredential[0m/netrc/git-credential-netrc.perl
/usr/share/doc/git/contrib/[1;31mcredential[0m/netrc/t-git-credential-netrc.sh
/usr/share/doc/git/contrib/[1;31mcredential[0m/osxkeychain/git-credential-osxkeychain.c
/usr/share/doc/git/contrib/[1;31mcredential[0m/wincred/git-credential-wincred.c
/usr/share/man/man1/git-[1;31mcredential[0m-cache--daemon.1.gz
/usr/share/man/man1/git-[1;31mcredential[0m-cache.1.gz
/usr/share/man/man1/git-[1;31mcredential[0m-store.1.gz
/usr/share/man/man1/git-[1;31mcredential[0m.1.gz
  #)[3mThere are more creds/passwds files in the previous parent folder[0m

/usr/share/pam/common-[1;31mpassword[0m
/usr/share/pam/common-[1;31mpassword[0m.md5sums
/var/cache/debconf/[1;31mpassword[0ms.dat
/var/lib/pam/[1;31mpassword[0m

[1;34mâ•”â•â•â•â•â•â•â•â•â•â•â•£ [1;32mChecking for TTY (sudo/su) passwords in audit logs
[0m
[1;34mâ•”â•â•â•â•â•â•â•â•â•â•â•£ [1;32mChecking for TTY (sudo/su) passwords in audit logs
[0m
[1;34mâ•”â•â•â•â•â•â•â•â•â•â•â•£ [1;32mSearching passwords inside logs (limit 70)
[0m


[1;34m                                â•”â•â•â•â•â•â•â•â•â•â•â•â•â•â•â•â•â•—
â•â•â•â•â•â•â•â•â•â•â•â•â•â•â•â•â•â•â•â•â•â•â•â•â•â•â•â•â•â•â•â•â•£ [1;32mAPI Keys Regex[1;34m â• â•â•â•â•â•â•â•â•â•â•â•â•â•â•â•â•â•â•â•â•â•â•â•â•â•â•â•â•â•â•â•â•
[1;34m                                â•šâ•â•â•â•â•â•â•â•â•â•â•â•â•â•â•â•â•[0m
Regexes to search for API keys aren't activated, use param '-r' 


