2025-03-10T18:16:11Z	WARN	'--security-checks' is deprecated. Use '--scanners' instead.
2025-03-10T18:16:11Z	INFO	[vuln] Vulnerability scanning is enabled
2025-03-10T18:16:11Z	INFO	[misconfig] Misconfiguration scanning is enabled
2025-03-10T18:16:42Z	INFO	Detected OS	family="ubuntu" version="24.04"
2025-03-10T18:16:42Z	INFO	[ubuntu] Detecting vulnerabilities...	os_version="24.04" pkg_num=128
2025-03-10T18:16:42Z	INFO	Number of language-specific files	num=2
2025-03-10T18:16:42Z	INFO	[gobinary] Detecting vulnerabilities...
2025-03-10T18:16:42Z	INFO	[node-pkg] Detecting vulnerabilities...
2025-03-10T18:16:42Z	INFO	Detected config files	num=0
2025-03-10T18:16:42Z	WARN	Using severities from other vendors for some vulnerabilities. Read https://aquasecurity.github.io/trivy/v0.59/docs/scanner/vulnerability#severity-selection for details.

mongo:latest (ubuntu 24.04)
===========================
Total: 43 (UNKNOWN: 0, LOW: 18, MEDIUM: 25, HIGH: 0, CRITICAL: 0)

┌────────────────────┬────────────────┬──────────┬──────────┬─────────────────────────┬─────────────────────────┬──────────────────────────────────────────────────────────────┐
│      Library       │ Vulnerability  │ Severity │  Status  │    Installed Version    │      Fixed Version      │                            Title                             │
├────────────────────┼────────────────┼──────────┼──────────┼─────────────────────────┼─────────────────────────┼──────────────────────────────────────────────────────────────┤
│ coreutils          │ CVE-2016-2781  │ LOW      │ affected │ 9.4-3ubuntu6            │                         │ coreutils: Non-privileged session can escape to the parent   │
│                    │                │          │          │                         │                         │ session in chroot                                            │
│                    │                │          │          │                         │                         │ https://avd.aquasec.com/nvd/cve-2016-2781                    │
├────────────────────┼────────────────┤          │          ├─────────────────────────┼─────────────────────────┼──────────────────────────────────────────────────────────────┤
│ gpgv               │ CVE-2022-3219  │          │          │ 2.4.4-2ubuntu17         │                         │ gnupg: denial of service issue (resource consumption) using  │
│                    │                │          │          │                         │                         │ compressed packets                                           │
│                    │                │          │          │                         │                         │ https://avd.aquasec.com/nvd/cve-2022-3219                    │
├────────────────────┼────────────────┼──────────┼──────────┼─────────────────────────┼─────────────────────────┼──────────────────────────────────────────────────────────────┤
│ krb5-locales       │ CVE-2024-26462 │ MEDIUM   │ fixed    │ 1.20.1-6ubuntu2.4       │ 1.20.1-6ubuntu2.5       │ krb5: Memory leak at /krb5/src/kdc/ndr.c                     │
│                    │                │          │          │                         │                         │ https://avd.aquasec.com/nvd/cve-2024-26462                   │
│                    ├────────────────┤          │          │                         │                         ├──────────────────────────────────────────────────────────────┤
│                    │ CVE-2025-24528 │          │          │                         │                         │ krb5: overflow when calculating ulog block size              │
│                    │                │          │          │                         │                         │ https://avd.aquasec.com/nvd/cve-2025-24528                   │
│                    ├────────────────┼──────────┤          │                         │                         ├──────────────────────────────────────────────────────────────┤
│                    │ CVE-2024-26458 │ LOW      │          │                         │                         │ krb5: Memory leak at /krb5/src/lib/rpc/pmap_rmt.c            │
│                    │                │          │          │                         │                         │ https://avd.aquasec.com/nvd/cve-2024-26458                   │
│                    ├────────────────┤          │          │                         │                         ├──────────────────────────────────────────────────────────────┤
│                    │ CVE-2024-26461 │          │          │                         │                         │ krb5: Memory leak at /krb5/src/lib/gssapi/krb5/k5sealv3.c    │
│                    │                │          │          │                         │                         │ https://avd.aquasec.com/nvd/cve-2024-26461                   │
├────────────────────┼────────────────┼──────────┤          ├─────────────────────────┼─────────────────────────┼──────────────────────────────────────────────────────────────┤
│ libc-bin           │ CVE-2025-0395  │ MEDIUM   │          │ 2.39-0ubuntu8.3         │ 2.39-0ubuntu8.4         │ glibc: buffer overflow in the GNU C Library's assert()       │
│                    │                │          │          │                         │                         │ https://avd.aquasec.com/nvd/cve-2025-0395                    │
│                    ├────────────────┼──────────┼──────────┤                         ├─────────────────────────┼──────────────────────────────────────────────────────────────┤
│                    │ CVE-2016-20013 │ LOW      │ affected │                         │                         │ sha256crypt and sha512crypt through 0.6 allow attackers to   │
│                    │                │          │          │                         │                         │ cause a denial of...                                         │
│                    │                │          │          │                         │                         │ https://avd.aquasec.com/nvd/cve-2016-20013                   │
├────────────────────┼────────────────┼──────────┼──────────┤                         ├─────────────────────────┼──────────────────────────────────────────────────────────────┤
│ libc6              │ CVE-2025-0395  │ MEDIUM   │ fixed    │                         │ 2.39-0ubuntu8.4         │ glibc: buffer overflow in the GNU C Library's assert()       │
│                    │                │          │          │                         │                         │ https://avd.aquasec.com/nvd/cve-2025-0395                    │
│                    ├────────────────┼──────────┼──────────┤                         ├─────────────────────────┼──────────────────────────────────────────────────────────────┤
│                    │ CVE-2016-20013 │ LOW      │ affected │                         │                         │ sha256crypt and sha512crypt through 0.6 allow attackers to   │
│                    │                │          │          │                         │                         │ cause a denial of...                                         │
│                    │                │          │          │                         │                         │ https://avd.aquasec.com/nvd/cve-2016-20013                   │
├────────────────────┼────────────────┼──────────┼──────────┼─────────────────────────┼─────────────────────────┼──────────────────────────────────────────────────────────────┤
│ libcap2            │ CVE-2025-1390  │ MEDIUM   │ fixed    │ 1:2.66-5ubuntu2         │ 1:2.66-5ubuntu2.2       │ libcap: pam_cap: Fix potential configuration parsing error   │
│                    │                │          │          │                         │                         │ https://avd.aquasec.com/nvd/cve-2025-1390                    │
├────────────────────┼────────────────┼──────────┼──────────┼─────────────────────────┼─────────────────────────┼──────────────────────────────────────────────────────────────┤
│ libcurl4t64        │ CVE-2025-0167  │ LOW      │ affected │ 8.5.0-2ubuntu10.6       │                         │ When asked to use a `.netrc` file for credentials **and** to │
│                    │                │          │          │                         │                         │ follow...                                                    │
│                    │                │          │          │                         │                         │ https://avd.aquasec.com/nvd/cve-2025-0167                    │
├────────────────────┼────────────────┤          │          ├─────────────────────────┼─────────────────────────┼──────────────────────────────────────────────────────────────┤
│ libgcrypt20        │ CVE-2024-2236  │          │          │ 1.10.3-2build1          │                         │ libgcrypt: vulnerable to Marvin Attack                       │
│                    │                │          │          │                         │                         │ https://avd.aquasec.com/nvd/cve-2024-2236                    │
├────────────────────┼────────────────┼──────────┼──────────┼─────────────────────────┼─────────────────────────┼──────────────────────────────────────────────────────────────┤
│ libgnutls30t64     │ CVE-2024-12243 │ MEDIUM   │ fixed    │ 3.8.3-1.1ubuntu3.2      │ 3.8.3-1.1ubuntu3.3      │ gnutls: GnuTLS Impacted by Inefficient DER Decoding in       │
│                    │                │          │          │                         │                         │ libtasn1 Leading to Remote...                                │
│                    │                │          │          │                         │                         │ https://avd.aquasec.com/nvd/cve-2024-12243                   │
├────────────────────┼────────────────┤          │          ├─────────────────────────┼─────────────────────────┼──────────────────────────────────────────────────────────────┤
│ libgssapi-krb5-2   │ CVE-2024-26462 │          │          │ 1.20.1-6ubuntu2.4       │ 1.20.1-6ubuntu2.5       │ krb5: Memory leak at /krb5/src/kdc/ndr.c                     │
│                    │                │          │          │                         │                         │ https://avd.aquasec.com/nvd/cve-2024-26462                   │
│                    ├────────────────┤          │          │                         │                         ├──────────────────────────────────────────────────────────────┤
│                    │ CVE-2025-24528 │          │          │                         │                         │ krb5: overflow when calculating ulog block size              │
│                    │                │          │          │                         │                         │ https://avd.aquasec.com/nvd/cve-2025-24528                   │
│                    ├────────────────┼──────────┤          │                         │                         ├──────────────────────────────────────────────────────────────┤
│                    │ CVE-2024-26458 │ LOW      │          │                         │                         │ krb5: Memory leak at /krb5/src/lib/rpc/pmap_rmt.c            │
│                    │                │          │          │                         │                         │ https://avd.aquasec.com/nvd/cve-2024-26458                   │
│                    ├────────────────┤          │          │                         │                         ├──────────────────────────────────────────────────────────────┤
│                    │ CVE-2024-26461 │          │          │                         │                         │ krb5: Memory leak at /krb5/src/lib/gssapi/krb5/k5sealv3.c    │
│                    │                │          │          │                         │                         │ https://avd.aquasec.com/nvd/cve-2024-26461                   │
├────────────────────┼────────────────┼──────────┤          │                         │                         ├──────────────────────────────────────────────────────────────┤
│ libk5crypto3       │ CVE-2024-26462 │ MEDIUM   │          │                         │                         │ krb5: Memory leak at /krb5/src/kdc/ndr.c                     │
│                    │                │          │          │                         │                         │ https://avd.aquasec.com/nvd/cve-2024-26462                   │
│                    ├────────────────┤          │          │                         │                         ├──────────────────────────────────────────────────────────────┤
│                    │ CVE-2025-24528 │          │          │                         │                         │ krb5: overflow when calculating ulog block size              │
│                    │                │          │          │                         │                         │ https://avd.aquasec.com/nvd/cve-2025-24528                   │
│                    ├────────────────┼──────────┤          │                         │                         ├──────────────────────────────────────────────────────────────┤
│                    │ CVE-2024-26458 │ LOW      │          │                         │                         │ krb5: Memory leak at /krb5/src/lib/rpc/pmap_rmt.c            │
│                    │                │          │          │                         │                         │ https://avd.aquasec.com/nvd/cve-2024-26458                   │
│                    ├────────────────┤          │          │                         │                         ├──────────────────────────────────────────────────────────────┤
│                    │ CVE-2024-26461 │          │          │                         │                         │ krb5: Memory leak at /krb5/src/lib/gssapi/krb5/k5sealv3.c    │
│                    │                │          │          │                         │                         │ https://avd.aquasec.com/nvd/cve-2024-26461                   │
├────────────────────┼────────────────┼──────────┤          │                         │                         ├──────────────────────────────────────────────────────────────┤
│ libkrb5-3          │ CVE-2024-26462 │ MEDIUM   │          │                         │                         │ krb5: Memory leak at /krb5/src/kdc/ndr.c                     │
│                    │                │          │          │                         │                         │ https://avd.aquasec.com/nvd/cve-2024-26462                   │
│                    ├────────────────┤          │          │                         │                         ├──────────────────────────────────────────────────────────────┤
│                    │ CVE-2025-24528 │          │          │                         │                         │ krb5: overflow when calculating ulog block size              │
│                    │                │          │          │                         │                         │ https://avd.aquasec.com/nvd/cve-2025-24528                   │
│                    ├────────────────┼──────────┤          │                         │                         ├──────────────────────────────────────────────────────────────┤
│                    │ CVE-2024-26458 │ LOW      │          │                         │                         │ krb5: Memory leak at /krb5/src/lib/rpc/pmap_rmt.c            │
│                    │                │          │          │                         │                         │ https://avd.aquasec.com/nvd/cve-2024-26458                   │
│                    ├────────────────┤          │          │                         │                         ├──────────────────────────────────────────────────────────────┤
│                    │ CVE-2024-26461 │          │          │                         │                         │ krb5: Memory leak at /krb5/src/lib/gssapi/krb5/k5sealv3.c    │
│                    │                │          │          │                         │                         │ https://avd.aquasec.com/nvd/cve-2024-26461                   │
├────────────────────┼────────────────┼──────────┤          │                         │                         ├──────────────────────────────────────────────────────────────┤
│ libkrb5support0    │ CVE-2024-26462 │ MEDIUM   │          │                         │                         │ krb5: Memory leak at /krb5/src/kdc/ndr.c                     │
│                    │                │          │          │                         │                         │ https://avd.aquasec.com/nvd/cve-2024-26462                   │
│                    ├────────────────┤          │          │                         │                         ├──────────────────────────────────────────────────────────────┤
│                    │ CVE-2025-24528 │          │          │                         │                         │ krb5: overflow when calculating ulog block size              │
│                    │                │          │          │                         │                         │ https://avd.aquasec.com/nvd/cve-2025-24528                   │
│                    ├────────────────┼──────────┤          │                         │                         ├──────────────────────────────────────────────────────────────┤
│                    │ CVE-2024-26458 │ LOW      │          │                         │                         │ krb5: Memory leak at /krb5/src/lib/rpc/pmap_rmt.c            │
│                    │                │          │          │                         │                         │ https://avd.aquasec.com/nvd/cve-2024-26458                   │
│                    ├────────────────┤          │          │                         │                         ├──────────────────────────────────────────────────────────────┤
│                    │ CVE-2024-26461 │          │          │                         │                         │ krb5: Memory leak at /krb5/src/lib/gssapi/krb5/k5sealv3.c    │
│                    │                │          │          │                         │                         │ https://avd.aquasec.com/nvd/cve-2024-26461                   │
├────────────────────┼────────────────┼──────────┼──────────┼─────────────────────────┼─────────────────────────┼──────────────────────────────────────────────────────────────┤
│ libpam-modules     │ CVE-2024-10041 │ MEDIUM   │ affected │ 1.5.3-5ubuntu5.1        │                         │ pam: libpam: Libpam vulnerable to read hashed password       │
│                    │                │          │          │                         │                         │ https://avd.aquasec.com/nvd/cve-2024-10041                   │
│                    ├────────────────┤          │          │                         ├─────────────────────────┼──────────────────────────────────────────────────────────────┤
│                    │ CVE-2024-10963 │          │          │                         │                         │ pam: Improper Hostname Interpretation in pam_access Leads to │
│                    │                │          │          │                         │                         │ Access Control Bypass                                        │
│                    │                │          │          │                         │                         │ https://avd.aquasec.com/nvd/cve-2024-10963                   │
├────────────────────┼────────────────┤          │          │                         ├─────────────────────────┼──────────────────────────────────────────────────────────────┤
│ libpam-modules-bin │ CVE-2024-10041 │          │          │                         │                         │ pam: libpam: Libpam vulnerable to read hashed password       │
│                    │                │          │          │                         │                         │ https://avd.aquasec.com/nvd/cve-2024-10041                   │
│                    ├────────────────┤          │          │                         ├─────────────────────────┼──────────────────────────────────────────────────────────────┤
│                    │ CVE-2024-10963 │          │          │                         │                         │ pam: Improper Hostname Interpretation in pam_access Leads to │
│                    │                │          │          │                         │                         │ Access Control Bypass                                        │
│                    │                │          │          │                         │                         │ https://avd.aquasec.com/nvd/cve-2024-10963                   │
├────────────────────┼────────────────┤          │          │                         ├─────────────────────────┼──────────────────────────────────────────────────────────────┤
│ libpam-runtime     │ CVE-2024-10041 │          │          │                         │                         │ pam: libpam: Libpam vulnerable to read hashed password       │
│                    │                │          │          │                         │                         │ https://avd.aquasec.com/nvd/cve-2024-10041                   │
│                    ├────────────────┤          │          │                         ├─────────────────────────┼──────────────────────────────────────────────────────────────┤
│                    │ CVE-2024-10963 │          │          │                         │                         │ pam: Improper Hostname Interpretation in pam_access Leads to │
│                    │                │          │          │                         │                         │ Access Control Bypass                                        │
│                    │                │          │          │                         │                         │ https://avd.aquasec.com/nvd/cve-2024-10963                   │
├────────────────────┼────────────────┤          │          │                         ├─────────────────────────┼──────────────────────────────────────────────────────────────┤
│ libpam0g           │ CVE-2024-10041 │          │          │                         │                         │ pam: libpam: Libpam vulnerable to read hashed password       │
│                    │                │          │          │                         │                         │ https://avd.aquasec.com/nvd/cve-2024-10041                   │
│                    ├────────────────┤          │          │                         ├─────────────────────────┼──────────────────────────────────────────────────────────────┤
│                    │ CVE-2024-10963 │          │          │                         │                         │ pam: Improper Hostname Interpretation in pam_access Leads to │
│                    │                │          │          │                         │                         │ Access Control Bypass                                        │
│                    │                │          │          │                         │                         │ https://avd.aquasec.com/nvd/cve-2024-10963                   │
├────────────────────┼────────────────┼──────────┤          ├─────────────────────────┼─────────────────────────┼──────────────────────────────────────────────────────────────┤
│ libssl3t64         │ CVE-2024-41996 │ LOW      │          │ 3.0.13-0ubuntu3.5       │                         │ openssl: remote attackers (from the client side) to trigger  │
│                    │                │          │          │                         │                         │ unnecessarily expensive server-side...                       │
│                    │                │          │          │                         │                         │ https://avd.aquasec.com/nvd/cve-2024-41996                   │
├────────────────────┼────────────────┼──────────┼──────────┼─────────────────────────┼─────────────────────────┼──────────────────────────────────────────────────────────────┤
│ libtasn1-6         │ CVE-2024-12133 │ MEDIUM   │ fixed    │ 4.19.0-3build1          │ 4.19.0-3ubuntu0.24.04.1 │ libtasn1: Inefficient DER Decoding in libtasn1 Leading to    │
│                    │                │          │          │                         │                         │ Potential Remote DoS                                         │
│                    │                │          │          │                         │                         │ https://avd.aquasec.com/nvd/cve-2024-12133                   │
├────────────────────┼────────────────┤          ├──────────┼─────────────────────────┼─────────────────────────┼──────────────────────────────────────────────────────────────┤
│ login              │ CVE-2024-56433 │          │ affected │ 1:4.13+dfsg1-4ubuntu3.2 │                         │ shadow-utils: Default subordinate ID configuration in        │
│                    │                │          │          │                         │                         │ /etc/login.defs could lead to compromise                     │
│                    │                │          │          │                         │                         │ https://avd.aquasec.com/nvd/cve-2024-56433                   │
├────────────────────┼────────────────┼──────────┤          ├─────────────────────────┼─────────────────────────┼──────────────────────────────────────────────────────────────┤
│ openssl            │ CVE-2024-41996 │ LOW      │          │ 3.0.13-0ubuntu3.5       │                         │ openssl: remote attackers (from the client side) to trigger  │
│                    │                │          │          │                         │                         │ unnecessarily expensive server-side...                       │
│                    │                │          │          │                         │                         │ https://avd.aquasec.com/nvd/cve-2024-41996                   │
├────────────────────┼────────────────┼──────────┤          ├─────────────────────────┼─────────────────────────┼──────────────────────────────────────────────────────────────┤
│ passwd             │ CVE-2024-56433 │ MEDIUM   │          │ 1:4.13+dfsg1-4ubuntu3.2 │                         │ shadow-utils: Default subordinate ID configuration in        │
│                    │                │          │          │                         │                         │ /etc/login.defs could lead to compromise                     │
│                    │                │          │          │                         │                         │ https://avd.aquasec.com/nvd/cve-2024-56433                   │
└────────────────────┴────────────────┴──────────┴──────────┴─────────────────────────┴─────────────────────────┴──────────────────────────────────────────────────────────────┘

usr/local/bin/gosu (gobinary)
=============================
Total: 58 (UNKNOWN: 0, LOW: 1, MEDIUM: 23, HIGH: 31, CRITICAL: 3)

┌─────────┬────────────────┬──────────┬────────┬───────────────────┬──────────────────────────────────┬──────────────────────────────────────────────────────────────┐
│ Library │ Vulnerability  │ Severity │ Status │ Installed Version │          Fixed Version           │                            Title                             │
├─────────┼────────────────┼──────────┼────────┼───────────────────┼──────────────────────────────────┼──────────────────────────────────────────────────────────────┤
│ stdlib  │ CVE-2023-24538 │ CRITICAL │ fixed  │ v1.18.2           │ 1.19.8, 1.20.3                   │ golang: html/template: backticks not treated as string       │
│         │                │          │        │                   │                                  │ delimiters                                                   │
│         │                │          │        │                   │                                  │ https://avd.aquasec.com/nvd/cve-2023-24538                   │
│         ├────────────────┤          │        │                   ├──────────────────────────────────┼──────────────────────────────────────────────────────────────┤
│         │ CVE-2023-24540 │          │        │                   │ 1.19.9, 1.20.4                   │ golang: html/template: improper handling of JavaScript       │
│         │                │          │        │                   │                                  │ whitespace                                                   │
│         │                │          │        │                   │                                  │ https://avd.aquasec.com/nvd/cve-2023-24540                   │
│         ├────────────────┤          │        │                   ├──────────────────────────────────┼──────────────────────────────────────────────────────────────┤
│         │ CVE-2024-24790 │          │        │                   │ 1.21.11, 1.22.4                  │ golang: net/netip: Unexpected behavior from Is methods for   │
│         │                │          │        │                   │                                  │ IPv4-mapped IPv6 addresses                                   │
│         │                │          │        │                   │                                  │ https://avd.aquasec.com/nvd/cve-2024-24790                   │
│         ├────────────────┼──────────┤        │                   ├──────────────────────────────────┼──────────────────────────────────────────────────────────────┤
│         │ CVE-2022-27664 │ HIGH     │        │                   │ 1.18.6, 1.19.1                   │ golang: net/http: handle server errors after sending GOAWAY  │
│         │                │          │        │                   │                                  │ https://avd.aquasec.com/nvd/cve-2022-27664                   │
│         ├────────────────┤          │        │                   ├──────────────────────────────────┼──────────────────────────────────────────────────────────────┤
│         │ CVE-2022-28131 │          │        │                   │ 1.17.12, 1.18.4                  │ golang: encoding/xml: stack exhaustion in Decoder.Skip       │
│         │                │          │        │                   │                                  │ https://avd.aquasec.com/nvd/cve-2022-28131                   │
│         ├────────────────┤          │        │                   ├──────────────────────────────────┼──────────────────────────────────────────────────────────────┤
│         │ CVE-2022-2879  │          │        │                   │ 1.18.7, 1.19.2                   │ golang: archive/tar: github.com/vbatts/tar-split: unbounded  │
│         │                │          │        │                   │                                  │ memory consumption when reading headers                      │
│         │                │          │        │                   │                                  │ https://avd.aquasec.com/nvd/cve-2022-2879                    │
│         ├────────────────┤          │        │                   │                                  ├──────────────────────────────────────────────────────────────┤
│         │ CVE-2022-2880  │          │        │                   │                                  │ golang: net/http/httputil: ReverseProxy should not forward   │
│         │                │          │        │                   │                                  │ unparseable query parameters                                 │
│         │                │          │        │                   │                                  │ https://avd.aquasec.com/nvd/cve-2022-2880                    │
│         ├────────────────┤          │        │                   ├──────────────────────────────────┼──────────────────────────────────────────────────────────────┤
│         │ CVE-2022-29804 │          │        │                   │ 1.17.11, 1.18.3                  │ ELSA-2022-17957: ol8addon security update (IMPORTANT)        │
│         │                │          │        │                   │                                  │ https://avd.aquasec.com/nvd/cve-2022-29804                   │
│         ├────────────────┤          │        │                   │                                  ├──────────────────────────────────────────────────────────────┤
│         │ CVE-2022-30580 │          │        │                   │                                  │ golang: os/exec: Code injection in Cmd.Start                 │
│         │                │          │        │                   │                                  │ https://avd.aquasec.com/nvd/cve-2022-30580                   │
│         ├────────────────┤          │        │                   ├──────────────────────────────────┼──────────────────────────────────────────────────────────────┤
│         │ CVE-2022-30630 │          │        │                   │ 1.17.12, 1.18.4                  │ golang: io/fs: stack exhaustion in Glob                      │
│         │                │          │        │                   │                                  │ https://avd.aquasec.com/nvd/cve-2022-30630                   │
│         ├────────────────┤          │        │                   │                                  ├──────────────────────────────────────────────────────────────┤
│         │ CVE-2022-30631 │          │        │                   │                                  │ golang: compress/gzip: stack exhaustion in Reader.Read       │
│         │                │          │        │                   │                                  │ https://avd.aquasec.com/nvd/cve-2022-30631                   │
│         ├────────────────┤          │        │                   │                                  ├──────────────────────────────────────────────────────────────┤
│         │ CVE-2022-30632 │          │        │                   │                                  │ golang: path/filepath: stack exhaustion in Glob              │
│         │                │          │        │                   │                                  │ https://avd.aquasec.com/nvd/cve-2022-30632                   │
│         ├────────────────┤          │        │                   │                                  ├──────────────────────────────────────────────────────────────┤
│         │ CVE-2022-30633 │          │        │                   │                                  │ golang: encoding/xml: stack exhaustion in Unmarshal          │
│         │                │          │        │                   │                                  │ https://avd.aquasec.com/nvd/cve-2022-30633                   │
│         ├────────────────┤          │        │                   ├──────────────────────────────────┼──────────────────────────────────────────────────────────────┤
│         │ CVE-2022-30634 │          │        │                   │ 1.17.11, 1.18.3                  │ ELSA-2022-17957: ol8addon security update (IMPORTANT)        │
│         │                │          │        │                   │                                  │ https://avd.aquasec.com/nvd/cve-2022-30634                   │
│         ├────────────────┤          │        │                   ├──────────────────────────────────┼──────────────────────────────────────────────────────────────┤
│         │ CVE-2022-30635 │          │        │                   │ 1.17.12, 1.18.4                  │ golang: encoding/gob: stack exhaustion in Decoder.Decode     │
│         │                │          │        │                   │                                  │ https://avd.aquasec.com/nvd/cve-2022-30635                   │
│         ├────────────────┤          │        │                   ├──────────────────────────────────┼──────────────────────────────────────────────────────────────┤
│         │ CVE-2022-32189 │          │        │                   │ 1.17.13, 1.18.5                  │ golang: math/big: decoding big.Float and big.Rat types can   │
│         │                │          │        │                   │                                  │ panic if the encoded...                                      │
│         │                │          │        │                   │                                  │ https://avd.aquasec.com/nvd/cve-2022-32189                   │
│         ├────────────────┤          │        │                   ├──────────────────────────────────┼──────────────────────────────────────────────────────────────┤
│         │ CVE-2022-41715 │          │        │                   │ 1.18.7, 1.19.2                   │ golang: regexp/syntax: limit memory used by parsing regexps  │
│         │                │          │        │                   │                                  │ https://avd.aquasec.com/nvd/cve-2022-41715                   │
│         ├────────────────┤          │        │                   ├──────────────────────────────────┼──────────────────────────────────────────────────────────────┤
│         │ CVE-2022-41716 │          │        │                   │ 1.18.8, 1.19.3                   │ Due to unsanitized NUL values, attackers may be able to      │
│         │                │          │        │                   │                                  │ maliciously se...                                            │
│         │                │          │        │                   │                                  │ https://avd.aquasec.com/nvd/cve-2022-41716                   │
│         ├────────────────┤          │        │                   ├──────────────────────────────────┼──────────────────────────────────────────────────────────────┤
│         │ CVE-2022-41720 │          │        │                   │ 1.18.9, 1.19.4                   │ golang: os, net/http: avoid escapes from os.DirFS and        │
│         │                │          │        │                   │                                  │ http.Dir on Windows                                          │
│         │                │          │        │                   │                                  │ https://avd.aquasec.com/nvd/cve-2022-41720                   │
│         ├────────────────┤          │        │                   ├──────────────────────────────────┼──────────────────────────────────────────────────────────────┤
│         │ CVE-2022-41722 │          │        │                   │ 1.19.6, 1.20.1                   │ golang: path/filepath: path-filepath filepath.Clean path     │
│         │                │          │        │                   │                                  │ traversal                                                    │
│         │                │          │        │                   │                                  │ https://avd.aquasec.com/nvd/cve-2022-41722                   │
│         ├────────────────┤          │        │                   │                                  ├──────────────────────────────────────────────────────────────┤
│         │ CVE-2022-41723 │          │        │                   │                                  │ golang.org/x/net/http2: avoid quadratic complexity in HPACK  │
│         │                │          │        │                   │                                  │ decoding                                                     │
│         │                │          │        │                   │                                  │ https://avd.aquasec.com/nvd/cve-2022-41723                   │
│         ├────────────────┤          │        │                   │                                  ├──────────────────────────────────────────────────────────────┤
│         │ CVE-2022-41724 │          │        │                   │                                  │ golang: crypto/tls: large handshake records may cause panics │
│         │                │          │        │                   │                                  │ https://avd.aquasec.com/nvd/cve-2022-41724                   │
│         ├────────────────┤          │        │                   │                                  ├──────────────────────────────────────────────────────────────┤
│         │ CVE-2022-41725 │          │        │                   │                                  │ golang: net/http, mime/multipart: denial of service from     │
│         │                │          │        │                   │                                  │ excessive resource consumption                               │
│         │                │          │        │                   │                                  │ https://avd.aquasec.com/nvd/cve-2022-41725                   │
│         ├────────────────┤          │        │                   ├──────────────────────────────────┼──────────────────────────────────────────────────────────────┤
│         │ CVE-2023-24534 │          │        │                   │ 1.19.8, 1.20.3                   │ golang: net/http, net/textproto: denial of service from      │
│         │                │          │        │                   │                                  │ excessive memory allocation                                  │
│         │                │          │        │                   │                                  │ https://avd.aquasec.com/nvd/cve-2023-24534                   │
│         ├────────────────┤          │        │                   │                                  ├──────────────────────────────────────────────────────────────┤
│         │ CVE-2023-24536 │          │        │                   │                                  │ golang: net/http, net/textproto, mime/multipart: denial of   │
│         │                │          │        │                   │                                  │ service from excessive resource consumption                  │
│         │                │          │        │                   │                                  │ https://avd.aquasec.com/nvd/cve-2023-24536                   │
│         ├────────────────┤          │        │                   │                                  ├──────────────────────────────────────────────────────────────┤
│         │ CVE-2023-24537 │          │        │                   │                                  │ golang: go/parser: Infinite loop in parsing                  │
│         │                │          │        │                   │                                  │ https://avd.aquasec.com/nvd/cve-2023-24537                   │
│         ├────────────────┤          │        │                   ├──────────────────────────────────┼──────────────────────────────────────────────────────────────┤
│         │ CVE-2023-24539 │          │        │                   │ 1.19.9, 1.20.4                   │ golang: html/template: improper sanitization of CSS values   │
│         │                │          │        │                   │                                  │ https://avd.aquasec.com/nvd/cve-2023-24539                   │
│         ├────────────────┤          │        │                   │                                  ├──────────────────────────────────────────────────────────────┤
│         │ CVE-2023-29400 │          │        │                   │                                  │ golang: html/template: improper handling of empty HTML       │
│         │                │          │        │                   │                                  │ attributes                                                   │
│         │                │          │        │                   │                                  │ https://avd.aquasec.com/nvd/cve-2023-29400                   │
│         ├────────────────┤          │        │                   ├──────────────────────────────────┼──────────────────────────────────────────────────────────────┤
│         │ CVE-2023-29403 │          │        │                   │ 1.19.10, 1.20.5                  │ golang: runtime: unexpected behavior of setuid/setgid        │
│         │                │          │        │                   │                                  │ binaries                                                     │
│         │                │          │        │                   │                                  │ https://avd.aquasec.com/nvd/cve-2023-29403                   │
│         ├────────────────┤          │        │                   ├──────────────────────────────────┼──────────────────────────────────────────────────────────────┤
│         │ CVE-2023-39325 │          │        │                   │ 1.20.10, 1.21.3                  │ golang: net/http, x/net/http2: rapid stream resets can cause │
│         │                │          │        │                   │                                  │ excessive work (CVE-2023-44487)                              │
│         │                │          │        │                   │                                  │ https://avd.aquasec.com/nvd/cve-2023-39325                   │
│         ├────────────────┤          │        │                   ├──────────────────────────────────┼──────────────────────────────────────────────────────────────┤
│         │ CVE-2023-45283 │          │        │                   │ 1.20.11, 1.21.4, 1.20.12, 1.21.5 │ The filepath package does not recognize paths with a \??\    │
│         │                │          │        │                   │                                  │ prefix as...                                                 │
│         │                │          │        │                   │                                  │ https://avd.aquasec.com/nvd/cve-2023-45283                   │
│         ├────────────────┤          │        │                   ├──────────────────────────────────┼──────────────────────────────────────────────────────────────┤
│         │ CVE-2023-45287 │          │        │                   │ 1.20.0                           │ golang: crypto/tls: Timing Side Channel attack in RSA based  │
│         │                │          │        │                   │                                  │ TLS key exchanges....                                        │
│         │                │          │        │                   │                                  │ https://avd.aquasec.com/nvd/cve-2023-45287                   │
│         ├────────────────┤          │        │                   ├──────────────────────────────────┼──────────────────────────────────────────────────────────────┤
│         │ CVE-2023-45288 │          │        │                   │ 1.21.9, 1.22.2                   │ golang: net/http, x/net/http2: unlimited number of           │
│         │                │          │        │                   │                                  │ CONTINUATION frames causes DoS                               │
│         │                │          │        │                   │                                  │ https://avd.aquasec.com/nvd/cve-2023-45288                   │
│         ├────────────────┤          │        │                   ├──────────────────────────────────┼──────────────────────────────────────────────────────────────┤
│         │ CVE-2024-34156 │          │        │                   │ 1.22.7, 1.23.1                   │ encoding/gob: golang: Calling Decoder.Decode on a message    │
│         │                │          │        │                   │                                  │ which contains deeply nested structures...                   │
│         │                │          │        │                   │                                  │ https://avd.aquasec.com/nvd/cve-2024-34156                   │
│         ├────────────────┼──────────┤        │                   ├──────────────────────────────────┼──────────────────────────────────────────────────────────────┤
│         │ CVE-2022-1705  │ MEDIUM   │        │                   │ 1.17.12, 1.18.4                  │ golang: net/http: improper sanitization of Transfer-Encoding │
│         │                │          │        │                   │                                  │ header                                                       │
│         │                │          │        │                   │                                  │ https://avd.aquasec.com/nvd/cve-2022-1705                    │
│         ├────────────────┤          │        │                   │                                  ├──────────────────────────────────────────────────────────────┤
│         │ CVE-2022-1962  │          │        │                   │                                  │ golang: go/parser: stack exhaustion in all Parse* functions  │
│         │                │          │        │                   │                                  │ https://avd.aquasec.com/nvd/cve-2022-1962                    │
│         ├────────────────┤          │        │                   │                                  ├──────────────────────────────────────────────────────────────┤
│         │ CVE-2022-32148 │          │        │                   │                                  │ golang: net/http/httputil: NewSingleHostReverseProxy - omit  │
│         │                │          │        │                   │                                  │ X-Forwarded-For not working                                  │
│         │                │          │        │                   │                                  │ https://avd.aquasec.com/nvd/cve-2022-32148                   │
│         ├────────────────┤          │        │                   ├──────────────────────────────────┼──────────────────────────────────────────────────────────────┤
│         │ CVE-2022-41717 │          │        │                   │ 1.18.9, 1.19.4                   │ golang: net/http: excessive memory growth in a Go server     │
│         │                │          │        │                   │                                  │ accepting HTTP/2 requests...                                 │
│         │                │          │        │                   │                                  │ https://avd.aquasec.com/nvd/cve-2022-41717                   │
│         ├────────────────┤          │        │                   ├──────────────────────────────────┼──────────────────────────────────────────────────────────────┤
│         │ CVE-2023-24532 │          │        │                   │ 1.19.7, 1.20.2                   │ golang: crypto/internal/nistec: specific unreduced P-256     │
│         │                │          │        │                   │                                  │ scalars produce incorrect results                            │
│         │                │          │        │                   │                                  │ https://avd.aquasec.com/nvd/cve-2023-24532                   │
│         ├────────────────┤          │        │                   ├──────────────────────────────────┼──────────────────────────────────────────────────────────────┤
│         │ CVE-2023-29406 │          │        │                   │ 1.19.11, 1.20.6                  │ golang: net/http: insufficient sanitization of Host header   │
│         │                │          │        │                   │                                  │ https://avd.aquasec.com/nvd/cve-2023-29406                   │
│         ├────────────────┤          │        │                   ├──────────────────────────────────┼──────────────────────────────────────────────────────────────┤
│         │ CVE-2023-29409 │          │        │                   │ 1.19.12, 1.20.7, 1.21.0-rc.4     │ golang: crypto/tls: slow verification of certificate chains  │
│         │                │          │        │                   │                                  │ containing large RSA keys                                    │
│         │                │          │        │                   │                                  │ https://avd.aquasec.com/nvd/cve-2023-29409                   │
│         ├────────────────┤          │        │                   ├──────────────────────────────────┼──────────────────────────────────────────────────────────────┤
│         │ CVE-2023-39318 │          │        │                   │ 1.20.8, 1.21.1                   │ golang: html/template: improper handling of HTML-like        │
│         │                │          │        │                   │                                  │ comments within script contexts                              │
│         │                │          │        │                   │                                  │ https://avd.aquasec.com/nvd/cve-2023-39318                   │
│         ├────────────────┤          │        │                   │                                  ├──────────────────────────────────────────────────────────────┤
│         │ CVE-2023-39319 │          │        │                   │                                  │ golang: html/template: improper handling of special tags     │
│         │                │          │        │                   │                                  │ within script contexts                                       │
│         │                │          │        │                   │                                  │ https://avd.aquasec.com/nvd/cve-2023-39319                   │
│         ├────────────────┤          │        │                   ├──────────────────────────────────┼──────────────────────────────────────────────────────────────┤
│         │ CVE-2023-39326 │          │        │                   │ 1.20.12, 1.21.5                  │ golang: net/http/internal: Denial of Service (DoS) via       │
│         │                │          │        │                   │                                  │ Resource Consumption via HTTP requests...                    │
│         │                │          │        │                   │                                  │ https://avd.aquasec.com/nvd/cve-2023-39326                   │
│         ├────────────────┤          │        │                   ├──────────────────────────────────┼──────────────────────────────────────────────────────────────┤
│         │ CVE-2023-45284 │          │        │                   │ 1.20.11, 1.21.4                  │ On Windows, The IsLocal function does not correctly detect   │
│         │                │          │        │                   │                                  │ reserved de ......                                           │
│         │                │          │        │                   │                                  │ https://avd.aquasec.com/nvd/cve-2023-45284                   │
│         ├────────────────┤          │        │                   ├──────────────────────────────────┼──────────────────────────────────────────────────────────────┤
│         │ CVE-2023-45289 │          │        │                   │ 1.21.8, 1.22.1                   │ golang: net/http/cookiejar: incorrect forwarding of          │
│         │                │          │        │                   │                                  │ sensitive headers and cookies on HTTP redirect...            │
│         │                │          │        │                   │                                  │ https://avd.aquasec.com/nvd/cve-2023-45289                   │
│         ├────────────────┤          │        │                   │                                  ├──────────────────────────────────────────────────────────────┤
│         │ CVE-2023-45290 │          │        │                   │                                  │ golang: net/http: golang: mime/multipart: golang:            │
│         │                │          │        │                   │                                  │ net/textproto: memory exhaustion in                          │
│         │                │          │        │                   │                                  │ Request.ParseMultipartForm                                   │
│         │                │          │        │                   │                                  │ https://avd.aquasec.com/nvd/cve-2023-45290                   │
│         ├────────────────┤          │        │                   │                                  ├──────────────────────────────────────────────────────────────┤
│         │ CVE-2024-24783 │          │        │                   │                                  │ golang: crypto/x509: Verify panics on certificates with an   │
│         │                │          │        │                   │                                  │ unknown public key algorithm...                              │
│         │                │          │        │                   │                                  │ https://avd.aquasec.com/nvd/cve-2024-24783                   │
│         ├────────────────┤          │        │                   │                                  ├──────────────────────────────────────────────────────────────┤
│         │ CVE-2024-24784 │          │        │                   │                                  │ golang: net/mail: comments in display names are incorrectly  │
│         │                │          │        │                   │                                  │ handled                                                      │
│         │                │          │        │                   │                                  │ https://avd.aquasec.com/nvd/cve-2024-24784                   │
│         ├────────────────┤          │        │                   │                                  ├──────────────────────────────────────────────────────────────┤
│         │ CVE-2024-24785 │          │        │                   │                                  │ golang: html/template: errors returned from MarshalJSON      │
│         │                │          │        │                   │                                  │ methods may break template escaping                          │
│         │                │          │        │                   │                                  │ https://avd.aquasec.com/nvd/cve-2024-24785                   │
│         ├────────────────┤          │        │                   ├──────────────────────────────────┼──────────────────────────────────────────────────────────────┤
│         │ CVE-2024-24789 │          │        │                   │ 1.21.11, 1.22.4                  │ golang: archive/zip: Incorrect handling of certain ZIP files │
│         │                │          │        │                   │                                  │ https://avd.aquasec.com/nvd/cve-2024-24789                   │
│         ├────────────────┤          │        │                   ├──────────────────────────────────┼──────────────────────────────────────────────────────────────┤
│         │ CVE-2024-24791 │          │        │                   │ 1.21.12, 1.22.5                  │ net/http: Denial of service due to improper 100-continue     │
│         │                │          │        │                   │                                  │ handling in net/http                                         │
│         │                │          │        │                   │                                  │ https://avd.aquasec.com/nvd/cve-2024-24791                   │
│         ├────────────────┤          │        │                   ├──────────────────────────────────┼──────────────────────────────────────────────────────────────┤
│         │ CVE-2024-34155 │          │        │                   │ 1.22.7, 1.23.1                   │ go/parser: golang: Calling any of the Parse functions        │
│         │                │          │        │                   │                                  │ containing deeply nested literals...                         │
│         │                │          │        │                   │                                  │ https://avd.aquasec.com/nvd/cve-2024-34155                   │
│         ├────────────────┤          │        │                   │                                  ├──────────────────────────────────────────────────────────────┤
│         │ CVE-2024-34158 │          │        │                   │                                  │ go/build/constraint: golang: Calling Parse on a "// +build"  │
│         │                │          │        │                   │                                  │ build tag line with...                                       │
│         │                │          │        │                   │                                  │ https://avd.aquasec.com/nvd/cve-2024-34158                   │
│         ├────────────────┤          │        │                   ├──────────────────────────────────┼──────────────────────────────────────────────────────────────┤
│         │ CVE-2024-45336 │          │        │                   │ 1.22.11, 1.23.5, 1.24.0-rc.2     │ golang: net/http: net/http: sensitive headers incorrectly    │
│         │                │          │        │                   │                                  │ sent after cross-domain redirect                             │
│         │                │          │        │                   │                                  │ https://avd.aquasec.com/nvd/cve-2024-45336                   │
│         ├────────────────┤          │        │                   │                                  ├──────────────────────────────────────────────────────────────┤
│         │ CVE-2024-45341 │          │        │                   │                                  │ golang: crypto/x509: crypto/x509: usage of IPv6 zone IDs can │
│         │                │          │        │                   │                                  │ bypass URI name...                                           │
│         │                │          │        │                   │                                  │ https://avd.aquasec.com/nvd/cve-2024-45341                   │
│         ├────────────────┤          │        │                   ├──────────────────────────────────┼──────────────────────────────────────────────────────────────┤
│         │ CVE-2025-22866 │          │        │                   │ 1.22.12, 1.23.6, 1.24.0-rc.3     │ crypto/internal/nistec: golang: Timing sidechannel for P-256 │
│         │                │          │        │                   │                                  │ on ppc64le in crypto/internal/nistec                         │
│         │                │          │        │                   │                                  │ https://avd.aquasec.com/nvd/cve-2025-22866                   │
│         ├────────────────┼──────────┤        │                   ├──────────────────────────────────┼──────────────────────────────────────────────────────────────┤
│         │ CVE-2022-30629 │ LOW      │        │                   │ 1.17.11, 1.18.3                  │ golang: crypto/tls: session tickets lack random              │
│         │                │          │        │                   │                                  │ ticket_age_add                                               │
│         │                │          │        │                   │                                  │ https://avd.aquasec.com/nvd/cve-2022-30629                   │
└─────────┴────────────────┴──────────┴────────┴───────────────────┴──────────────────────────────────┴──────────────────────────────────────────────────────────────┘
