[11:25:03] [ServerMain/INFO]: Environment: Environment[sessionHost=https://sessionserver.mojang.com, servicesHost=https://api.minecraftservices.com, name=PROD]
[11:25:05] [ServerMain/INFO]: Loaded 1370 recipes
[11:25:05] [ServerMain/INFO]: Loaded 1481 advancements
[11:25:05] [Server thread/INFO]: Starting minecraft server version 1.21.4
[11:25:05] [Server thread/INFO]: Loading properties
[11:25:05] [Server thread/INFO]: Default game type: SURVIVAL
[11:25:05] [Server thread/INFO]: Generating keypair
[11:25:05] [Server thread/INFO]: Starting Minecraft server on *:25565
[11:25:05] [Server thread/INFO]: Using epoll channel type
[11:25:05] [Server thread/INFO]: Preparing level "world"
[11:25:05] [Server thread/INFO]: Preparing start region for dimension minecraft:overworld
[11:25:06] [Worker-Main-2/INFO]: Preparing spawn area: 0%
[11:25:06] [Worker-Main-2/INFO]: Preparing spawn area: 0%
[11:25:06] [Server thread/INFO]: Time elapsed: 1058 ms
[11:25:06] [Server thread/INFO]: Done (1.292s)! For help, type "help"
[11:25:06] [Server thread/INFO]: Starting remote control listener
[11:25:06] [Server thread/INFO]: Thread RCON Listener started
[11:25:06] [Server thread/INFO]: RCON running on 0.0.0.0:25575
[11:25:08] [Server thread/WARN]: handleDisconnection() called twice
[11:25:24] [RCON Listener #1/INFO]: Thread RCON Client /172.18.0.1 started
[11:25:24] [RCON Client /172.18.0.1 #2/INFO]: Thread RCON Client /172.18.0.1 shutting down
[11:25:44] [RCON Listener #1/INFO]: Thread RCON Client /172.18.0.1 started
[11:25:44] [RCON Client /172.18.0.1 #3/INFO]: Thread RCON Client /172.18.0.1 shutting down
[11:26:06] [Server thread/INFO]: Server empty for 60 seconds, pausing
[15:18:33] [RCON Listener #1/INFO]: Thread RCON Client /0:0:0:0:0:0:0:1 started
[15:18:33] [Server thread/INFO]: [Rcon: Stopping the server]
[15:18:33] [RCON Client /0:0:0:0:0:0:0:1 #4/INFO]: Thread RCON Client /0:0:0:0:0:0:0:1 shutting down
[15:18:33] [Server thread/INFO]: Stopping server
[15:18:33] [Server thread/INFO]: Saving players
[15:18:33] [Server thread/INFO]: Saving worlds
[15:18:33] [Server thread/INFO]: Saving chunks for level 'ServerLevel[world]'/minecraft:overworld
[15:18:33] [Server thread/INFO]: Saving chunks for level 'ServerLevel[world]'/minecraft:the_end
[15:18:33] [Server thread/INFO]: Saving chunks for level 'ServerLevel[world]'/minecraft:the_nether
[15:18:33] [Server thread/INFO]: ThreadedAnvilChunkStorage (world): All chunks are saved
[15:18:33] [Server thread/INFO]: ThreadedAnvilChunkStorage (DIM1): All chunks are saved
[15:18:33] [Server thread/INFO]: ThreadedAnvilChunkStorage (DIM-1): All chunks are saved
[15:18:33] [Server thread/INFO]: ThreadedAnvilChunkStorage: All dimensions are saved
[15:18:33] [Server thread/INFO]: Thread RCON Listener stopped
